
=== 2025-12-20 10:29:07 =================================
Method: GET
URI: /Web-DatPhong-main/backend/api/controllers/BookingController.php
GET: Array
(
)

Headers: {
    "Host": "localhost",
    "Connection": "keep-alive",
    "sec-ch-ua": "\"Microsoft Edge\";v=\"143\", \"Chromium\";v=\"143\", \"Not A(Brand\";v=\"24\"",
    "sec-ch-ua-mobile": "?0",
    "sec-ch-ua-platform": "\"Windows\"",
    "Upgrade-Insecure-Requests": "1",
    "User-Agent": "Mozilla\/5.0 (Windows NT 10.0; Win64; x64) AppleWebKit\/537.36 (KHTML, like Gecko) Chrome\/143.0.0.0 Safari\/537.36 Edg\/143.0.0.0",
    "Accept": "text\/html,application\/xhtml+xml,application\/xml;q=0.9,image\/avif,image\/webp,image\/apng,*\/*;q=0.8,application\/signed-exchange;v=b3;q=0.7",
    "Sec-Fetch-Site": "none",
    "Sec-Fetch-Mode": "navigate",
    "Sec-Fetch-User": "?1",
    "Sec-Fetch-Dest": "document",
    "Accept-Encoding": "gzip, deflate, br, zstd",
    "Accept-Language": "en-US,en;q=0.9",
    "Cookie": "PHPSESSID=up379fbmldnreh53l9dmfbclr0"
}
Input: 
Database connection established

=== 2025-12-20 10:31:30 =================================
Method: GET
URI: /Web-DatPhong-main/backend/api/controllers/BookingController.php
GET: Array
(
)

Headers: {
    "Host": "localhost",
    "Connection": "keep-alive",
    "sec-ch-ua": "\"Microsoft Edge\";v=\"143\", \"Chromium\";v=\"143\", \"Not A(Brand\";v=\"24\"",
    "sec-ch-ua-mobile": "?0",
    "sec-ch-ua-platform": "\"Windows\"",
    "Upgrade-Insecure-Requests": "1",
    "User-Agent": "Mozilla\/5.0 (Windows NT 10.0; Win64; x64) AppleWebKit\/537.36 (KHTML, like Gecko) Chrome\/143.0.0.0 Safari\/537.36 Edg\/143.0.0.0",
    "Accept": "text\/html,application\/xhtml+xml,application\/xml;q=0.9,image\/avif,image\/webp,image\/apng,*\/*;q=0.8,application\/signed-exchange;v=b3;q=0.7",
    "Sec-Fetch-Site": "none",
    "Sec-Fetch-Mode": "navigate",
    "Sec-Fetch-User": "?1",
    "Sec-Fetch-Dest": "document",
    "Accept-Encoding": "gzip, deflate, br, zstd",
    "Accept-Language": "en-US,en;q=0.9",
    "Cookie": "PHPSESSID=up379fbmldnreh53l9dmfbclr0"
}
Input: 
Database connection established

=== 2025-12-20 10:38:44 =================================
Method: GET
URI: /Web-DatPhong-main/backend/api/controllers/BookingController.php
GET: Array
(
)

Headers: {
    "Host": "localhost",
    "Connection": "keep-alive",
    "Cache-Control": "max-age=0",
    "sec-ch-ua": "\"Microsoft Edge\";v=\"143\", \"Chromium\";v=\"143\", \"Not A(Brand\";v=\"24\"",
    "sec-ch-ua-mobile": "?0",
    "sec-ch-ua-platform": "\"Windows\"",
    "Upgrade-Insecure-Requests": "1",
    "User-Agent": "Mozilla\/5.0 (Windows NT 10.0; Win64; x64) AppleWebKit\/537.36 (KHTML, like Gecko) Chrome\/143.0.0.0 Safari\/537.36 Edg\/143.0.0.0",
    "Accept": "text\/html,application\/xhtml+xml,application\/xml;q=0.9,image\/avif,image\/webp,image\/apng,*\/*;q=0.8,application\/signed-exchange;v=b3;q=0.7",
    "Sec-Fetch-Site": "none",
    "Sec-Fetch-Mode": "navigate",
    "Sec-Fetch-User": "?1",
    "Sec-Fetch-Dest": "document",
    "Accept-Encoding": "gzip, deflate, br, zstd",
    "Accept-Language": "en-US,en;q=0.9",
    "Cookie": "PHPSESSID=up379fbmldnreh53l9dmfbclr0"
}
Input: 
Database connection established

=== 2025-12-20 11:03:40 =================================
Method: GET
URI: /Web-DatPhong-main/backend/api/controllers/BookingController.php
GET: Array
(
)

Headers: {
    "Host": "localhost",
    "Connection": "keep-alive",
    "Cache-Control": "max-age=0",
    "sec-ch-ua": "\"Microsoft Edge\";v=\"143\", \"Chromium\";v=\"143\", \"Not A(Brand\";v=\"24\"",
    "sec-ch-ua-mobile": "?0",
    "sec-ch-ua-platform": "\"Windows\"",
    "Upgrade-Insecure-Requests": "1",
    "User-Agent": "Mozilla\/5.0 (Windows NT 10.0; Win64; x64) AppleWebKit\/537.36 (KHTML, like Gecko) Chrome\/143.0.0.0 Safari\/537.36 Edg\/143.0.0.0",
    "Accept": "text\/html,application\/xhtml+xml,application\/xml;q=0.9,image\/avif,image\/webp,image\/apng,*\/*;q=0.8,application\/signed-exchange;v=b3;q=0.7",
    "Sec-Fetch-Site": "none",
    "Sec-Fetch-Mode": "navigate",
    "Sec-Fetch-User": "?1",
    "Sec-Fetch-Dest": "document",
    "Accept-Encoding": "gzip, deflate, br, zstd",
    "Accept-Language": "en-US,en;q=0.9",
    "Cookie": "PHPSESSID=up379fbmldnreh53l9dmfbclr0"
}
Input: 
Database connection established

=== 2025-12-21 09:23:40 =================================
Method: GET
URI: /Web-DatPhong-main/backend/api/controllers/BookingController.php?action=getAll
GET: Array
(
    [action] => getAll
)

Headers: {
    "Host": "localhost",
    "Connection": "keep-alive",
    "sec-ch-ua-platform": "\"Windows\"",
    "User-Agent": "Mozilla\/5.0 (Windows NT 10.0; Win64; x64) AppleWebKit\/537.36 (KHTML, like Gecko) Chrome\/143.0.0.0 Safari\/537.36 Edg\/143.0.0.0",
    "Accept": "application\/json",
    "sec-ch-ua": "\"Microsoft Edge\";v=\"143\", \"Chromium\";v=\"143\", \"Not A(Brand\";v=\"24\"",
    "sec-ch-ua-mobile": "?0",
    "Sec-Fetch-Site": "same-origin",
    "Sec-Fetch-Mode": "cors",
    "Sec-Fetch-Dest": "empty",
    "Referer": "http:\/\/localhost\/Web-DatPhong-main\/frontend\/admin\/index.html",
    "Accept-Encoding": "gzip, deflate, br, zstd",
    "Accept-Language": "en-US,en;q=0.9"
}
Input: 
Database connection established

=== 2025-12-21 10:41:01 =================================
Method: GET
URI: /Web-DatPhong-main/backend/api/controllers/BookingController.php
GET: Array
(
)

Headers: {
    "Host": "localhost",
    "Connection": "keep-alive",
    "sec-ch-ua": "\"Microsoft Edge\";v=\"143\", \"Chromium\";v=\"143\", \"Not A(Brand\";v=\"24\"",
    "sec-ch-ua-mobile": "?0",
    "sec-ch-ua-platform": "\"Windows\"",
    "Upgrade-Insecure-Requests": "1",
    "User-Agent": "Mozilla\/5.0 (Windows NT 10.0; Win64; x64) AppleWebKit\/537.36 (KHTML, like Gecko) Chrome\/143.0.0.0 Safari\/537.36 Edg\/143.0.0.0",
    "Accept": "text\/html,application\/xhtml+xml,application\/xml;q=0.9,image\/avif,image\/webp,image\/apng,*\/*;q=0.8,application\/signed-exchange;v=b3;q=0.7",
    "Sec-Fetch-Site": "none",
    "Sec-Fetch-Mode": "navigate",
    "Sec-Fetch-User": "?1",
    "Sec-Fetch-Dest": "document",
    "Accept-Encoding": "gzip, deflate, br, zstd",
    "Accept-Language": "en-US,en;q=0.9",
    "Cookie": "PHPSESSID=q8hgmqri8ihnvbql6j9ok54738"
}
Input: 
Database connection established

=== 2025-12-21 10:43:47 =================================
Method: GET
URI: /Web-DatPhong-main/backend/api/controllers/BookingController.php
GET: Array
(
)

Headers: {
    "Host": "localhost",
    "Connection": "keep-alive",
    "Cache-Control": "max-age=0",
    "sec-ch-ua": "\"Microsoft Edge\";v=\"143\", \"Chromium\";v=\"143\", \"Not A(Brand\";v=\"24\"",
    "sec-ch-ua-mobile": "?0",
    "sec-ch-ua-platform": "\"Windows\"",
    "Upgrade-Insecure-Requests": "1",
    "User-Agent": "Mozilla\/5.0 (Windows NT 10.0; Win64; x64) AppleWebKit\/537.36 (KHTML, like Gecko) Chrome\/143.0.0.0 Safari\/537.36 Edg\/143.0.0.0",
    "Accept": "text\/html,application\/xhtml+xml,application\/xml;q=0.9,image\/avif,image\/webp,image\/apng,*\/*;q=0.8,application\/signed-exchange;v=b3;q=0.7",
    "Sec-Fetch-Site": "none",
    "Sec-Fetch-Mode": "navigate",
    "Sec-Fetch-User": "?1",
    "Sec-Fetch-Dest": "document",
    "Accept-Encoding": "gzip, deflate, br, zstd",
    "Accept-Language": "en-US,en;q=0.9",
    "Cookie": "PHPSESSID=q8hgmqri8ihnvbql6j9ok54738"
}
Input: 
Database connection established

=== 2025-12-21 10:44:01 =================================
Method: POST
URI: /Web-DatPhong-main/backend/api/controllers/BookingController.php?action=create
GET: Array
(
    [action] => create
)

Headers: {
    "Host": "localhost",
    "Connection": "keep-alive",
    "Content-Length": "240",
    "sec-ch-ua-platform": "\"Windows\"",
    "Authorization": "Bearer eyJpZCI6OCwidXNlcm5hbWUiOiJob2FAZ21haWwuY29tIiwiZW1haWwiOiJob2FAZ21haWwuY29tIiwiZnVsbF9uYW1lIjoiTMO9IFRo4buLIEhvYSIsInBob25lIjoiMDcwODk4NDU1OCIsInVzZXJfdHlwZSI6ImN1c3RvbWVyIiwic3RhdHVzIjoiYWN0aXZlIiwiaXNMb2dnZWRJbiI6dHJ1ZSwic2Vzc2lvbl9pZCI6InVwMzc5ZmJtbGRucmVoNTNsOWRtZmJjbHIwIn0=",
    "User-Agent": "Mozilla\/5.0 (Windows NT 10.0; Win64; x64) AppleWebKit\/537.36 (KHTML, like Gecko) Chrome\/143.0.0.0 Safari\/537.36 Edg\/143.0.0.0",
    "sec-ch-ua": "\"Microsoft Edge\";v=\"143\", \"Chromium\";v=\"143\", \"Not A(Brand\";v=\"24\"",
    "Content-Type": "application\/json",
    "sec-ch-ua-mobile": "?0",
    "Accept": "*\/*",
    "Origin": "http:\/\/localhost",
    "Sec-Fetch-Site": "same-origin",
    "Sec-Fetch-Mode": "cors",
    "Sec-Fetch-Dest": "empty",
    "Referer": "http:\/\/localhost\/Web-DatPhong-main\/frontend\/booking.html",
    "Accept-Encoding": "gzip, deflate, br, zstd",
    "Accept-Language": "en-US,en;q=0.9",
    "Cookie": "PHPSESSID=q8hgmqri8ihnvbql6j9ok54738"
}
Input: {"room_id":2,"check_in":"2025-12-22","check_out":"2025-12-23","num_guests":2,"total_price":1980000,"special_requests":"","payment_method":"cash","customer_name":"Lý Thị Hoa","customer_email":"hoa@gmail.com","customer_phone":"0708984558"}
Database connection established
=== CREATE BOOKING CALLED ===
Auth header received: Bearer eyJpZCI6OCwidXNlcm5hbWUiOiJob2FAZ21haWwuY29...
User authenticated: Lý Thị Hoa
Raw input: {"room_id":2,"check_in":"2025-12-22","check_out":"2025-12-23","num_guests":2,"total_price":1980000,"special_requests":"","payment_method":"cash","customer_name":"Lý Thị Hoa","customer_email":"hoa@gmail.com","customer_phone":"0708984558"}
Parsed data: Array
(
    [room_id] => 2
    [check_in] => 2025-12-22
    [check_out] => 2025-12-23
    [num_guests] => 2
    [total_price] => 1980000
    [special_requests] => 
    [payment_method] => cash
    [customer_name] => Lý Thị Hoa
    [customer_email] => hoa@gmail.com
    [customer_phone] => 0708984558
)

Room data: Array
(
    [id] => 2
    [room_number] => 102
    [room_type_id] => 1
    [floor] => 1
    [view_type] => garden
    [status] => occupied
    [image_url] => 
    [created_at] => 2025-12-09 00:46:42
)


=== 2025-12-21 10:44:04 =================================
Method: POST
URI: /Web-DatPhong-main/backend/api/controllers/BookingController.php?action=create
GET: Array
(
    [action] => create
)

Headers: {
    "Host": "localhost",
    "Connection": "keep-alive",
    "Content-Length": "240",
    "sec-ch-ua-platform": "\"Windows\"",
    "Authorization": "Bearer eyJpZCI6OCwidXNlcm5hbWUiOiJob2FAZ21haWwuY29tIiwiZW1haWwiOiJob2FAZ21haWwuY29tIiwiZnVsbF9uYW1lIjoiTMO9IFRo4buLIEhvYSIsInBob25lIjoiMDcwODk4NDU1OCIsInVzZXJfdHlwZSI6ImN1c3RvbWVyIiwic3RhdHVzIjoiYWN0aXZlIiwiaXNMb2dnZWRJbiI6dHJ1ZSwic2Vzc2lvbl9pZCI6InVwMzc5ZmJtbGRucmVoNTNsOWRtZmJjbHIwIn0=",
    "User-Agent": "Mozilla\/5.0 (Windows NT 10.0; Win64; x64) AppleWebKit\/537.36 (KHTML, like Gecko) Chrome\/143.0.0.0 Safari\/537.36 Edg\/143.0.0.0",
    "sec-ch-ua": "\"Microsoft Edge\";v=\"143\", \"Chromium\";v=\"143\", \"Not A(Brand\";v=\"24\"",
    "Content-Type": "application\/json",
    "sec-ch-ua-mobile": "?0",
    "Accept": "*\/*",
    "Origin": "http:\/\/localhost",
    "Sec-Fetch-Site": "same-origin",
    "Sec-Fetch-Mode": "cors",
    "Sec-Fetch-Dest": "empty",
    "Referer": "http:\/\/localhost\/Web-DatPhong-main\/frontend\/booking.html",
    "Accept-Encoding": "gzip, deflate, br, zstd",
    "Accept-Language": "en-US,en;q=0.9",
    "Cookie": "PHPSESSID=q8hgmqri8ihnvbql6j9ok54738"
}
Input: {"room_id":2,"check_in":"2025-12-22","check_out":"2025-12-23","num_guests":2,"total_price":1980000,"special_requests":"","payment_method":"cash","customer_name":"Lý Thị Hoa","customer_email":"hoa@gmail.com","customer_phone":"0708984558"}
Database connection established
=== CREATE BOOKING CALLED ===
Auth header received: Bearer eyJpZCI6OCwidXNlcm5hbWUiOiJob2FAZ21haWwuY29...
User authenticated: Lý Thị Hoa
Raw input: {"room_id":2,"check_in":"2025-12-22","check_out":"2025-12-23","num_guests":2,"total_price":1980000,"special_requests":"","payment_method":"cash","customer_name":"Lý Thị Hoa","customer_email":"hoa@gmail.com","customer_phone":"0708984558"}
Parsed data: Array
(
    [room_id] => 2
    [check_in] => 2025-12-22
    [check_out] => 2025-12-23
    [num_guests] => 2
    [total_price] => 1980000
    [special_requests] => 
    [payment_method] => cash
    [customer_name] => Lý Thị Hoa
    [customer_email] => hoa@gmail.com
    [customer_phone] => 0708984558
)

Room data: Array
(
    [id] => 2
    [room_number] => 102
    [room_type_id] => 1
    [floor] => 1
    [view_type] => garden
    [status] => occupied
    [image_url] => 
    [created_at] => 2025-12-09 00:46:42
)


=== 2025-12-21 10:46:33 =================================
Method: POST
URI: /Web-DatPhong-main/backend/api/controllers/BookingController.php?action=create
GET: Array
(
    [action] => create
)

Headers: {
    "Host": "localhost",
    "Connection": "keep-alive",
    "Content-Length": "240",
    "sec-ch-ua-platform": "\"Windows\"",
    "Authorization": "Bearer eyJpZCI6OCwidXNlcm5hbWUiOiJob2FAZ21haWwuY29tIiwiZW1haWwiOiJob2FAZ21haWwuY29tIiwiZnVsbF9uYW1lIjoiTMO9IFRo4buLIEhvYSIsInBob25lIjoiMDcwODk4NDU1OCIsInVzZXJfdHlwZSI6ImN1c3RvbWVyIiwic3RhdHVzIjoiYWN0aXZlIiwiaXNMb2dnZWRJbiI6dHJ1ZSwic2Vzc2lvbl9pZCI6InVwMzc5ZmJtbGRucmVoNTNsOWRtZmJjbHIwIn0=",
    "User-Agent": "Mozilla\/5.0 (Windows NT 10.0; Win64; x64) AppleWebKit\/537.36 (KHTML, like Gecko) Chrome\/143.0.0.0 Safari\/537.36 Edg\/143.0.0.0",
    "sec-ch-ua": "\"Microsoft Edge\";v=\"143\", \"Chromium\";v=\"143\", \"Not A(Brand\";v=\"24\"",
    "Content-Type": "application\/json",
    "sec-ch-ua-mobile": "?0",
    "Accept": "*\/*",
    "Origin": "http:\/\/localhost",
    "Sec-Fetch-Site": "same-origin",
    "Sec-Fetch-Mode": "cors",
    "Sec-Fetch-Dest": "empty",
    "Referer": "http:\/\/localhost\/Web-DatPhong-main\/frontend\/booking.html",
    "Accept-Encoding": "gzip, deflate, br, zstd",
    "Accept-Language": "en-US,en;q=0.9",
    "Cookie": "PHPSESSID=q8hgmqri8ihnvbql6j9ok54738"
}
Input: {"room_id":4,"check_in":"2025-12-22","check_out":"2025-12-23","num_guests":2,"total_price":2750000,"special_requests":"","payment_method":"cash","customer_name":"Lý Thị Hoa","customer_email":"hoa@gmail.com","customer_phone":"0708984558"}
Database connection established
=== CREATE BOOKING CALLED ===
Auth header received: Bearer eyJpZCI6OCwidXNlcm5hbWUiOiJob2FAZ21haWwuY29...
User authenticated: Lý Thị Hoa
Raw input: {"room_id":4,"check_in":"2025-12-22","check_out":"2025-12-23","num_guests":2,"total_price":2750000,"special_requests":"","payment_method":"cash","customer_name":"Lý Thị Hoa","customer_email":"hoa@gmail.com","customer_phone":"0708984558"}
Parsed data: Array
(
    [room_id] => 4
    [check_in] => 2025-12-22
    [check_out] => 2025-12-23
    [num_guests] => 2
    [total_price] => 2750000
    [special_requests] => 
    [payment_method] => cash
    [customer_name] => Lý Thị Hoa
    [customer_email] => hoa@gmail.com
    [customer_phone] => 0708984558
)

Room data: Array
(
    [id] => 4
    [room_number] => 301
    [room_type_id] => 3
    [floor] => 3
    [view_type] => sea
    [status] => available
    [image_url] => 
    [created_at] => 2025-12-09 00:46:42
)


=== 2025-12-21 10:46:48 =================================
Method: POST
URI: /Web-DatPhong-main/backend/api/controllers/BookingController.php?action=create
GET: Array
(
    [action] => create
)

Headers: {
    "Host": "localhost",
    "Connection": "keep-alive",
    "Content-Length": "240",
    "sec-ch-ua-platform": "\"Windows\"",
    "Authorization": "Bearer eyJpZCI6OCwidXNlcm5hbWUiOiJob2FAZ21haWwuY29tIiwiZW1haWwiOiJob2FAZ21haWwuY29tIiwiZnVsbF9uYW1lIjoiTMO9IFRo4buLIEhvYSIsInBob25lIjoiMDcwODk4NDU1OCIsInVzZXJfdHlwZSI6ImN1c3RvbWVyIiwic3RhdHVzIjoiYWN0aXZlIiwiaXNMb2dnZWRJbiI6dHJ1ZSwic2Vzc2lvbl9pZCI6InVwMzc5ZmJtbGRucmVoNTNsOWRtZmJjbHIwIn0=",
    "User-Agent": "Mozilla\/5.0 (Windows NT 10.0; Win64; x64) AppleWebKit\/537.36 (KHTML, like Gecko) Chrome\/143.0.0.0 Safari\/537.36 Edg\/143.0.0.0",
    "sec-ch-ua": "\"Microsoft Edge\";v=\"143\", \"Chromium\";v=\"143\", \"Not A(Brand\";v=\"24\"",
    "Content-Type": "application\/json",
    "sec-ch-ua-mobile": "?0",
    "Accept": "*\/*",
    "Origin": "http:\/\/localhost",
    "Sec-Fetch-Site": "same-origin",
    "Sec-Fetch-Mode": "cors",
    "Sec-Fetch-Dest": "empty",
    "Referer": "http:\/\/localhost\/Web-DatPhong-main\/frontend\/booking.html",
    "Accept-Encoding": "gzip, deflate, br, zstd",
    "Accept-Language": "en-US,en;q=0.9",
    "Cookie": "PHPSESSID=q8hgmqri8ihnvbql6j9ok54738"
}
Input: {"room_id":1,"check_in":"2025-12-22","check_out":"2025-12-23","num_guests":2,"total_price":1320000,"special_requests":"","payment_method":"cash","customer_name":"Lý Thị Hoa","customer_email":"hoa@gmail.com","customer_phone":"0708984558"}
Database connection established
=== CREATE BOOKING CALLED ===
Auth header received: Bearer eyJpZCI6OCwidXNlcm5hbWUiOiJob2FAZ21haWwuY29...
User authenticated: Lý Thị Hoa
Raw input: {"room_id":1,"check_in":"2025-12-22","check_out":"2025-12-23","num_guests":2,"total_price":1320000,"special_requests":"","payment_method":"cash","customer_name":"Lý Thị Hoa","customer_email":"hoa@gmail.com","customer_phone":"0708984558"}
Parsed data: Array
(
    [room_id] => 1
    [check_in] => 2025-12-22
    [check_out] => 2025-12-23
    [num_guests] => 2
    [total_price] => 1320000
    [special_requests] => 
    [payment_method] => cash
    [customer_name] => Lý Thị Hoa
    [customer_email] => hoa@gmail.com
    [customer_phone] => 0708984558
)

Room data: Array
(
    [id] => 1
    [room_number] => 101
    [room_type_id] => 1
    [floor] => 1
    [view_type] => city
    [status] => occupied
    [image_url] => 
    [created_at] => 2025-12-09 00:46:42
)


=== 2025-12-21 10:47:01 =================================
Method: POST
URI: /Web-DatPhong-main/backend/api/controllers/BookingController.php?action=create
GET: Array
(
    [action] => create
)

Headers: {
    "Host": "localhost",
    "Connection": "keep-alive",
    "Content-Length": "242",
    "sec-ch-ua-platform": "\"Windows\"",
    "Authorization": "Bearer eyJpZCI6OCwidXNlcm5hbWUiOiJob2FAZ21haWwuY29tIiwiZW1haWwiOiJob2FAZ21haWwuY29tIiwiZnVsbF9uYW1lIjoiTMO9IFRo4buLIEhvYSIsInBob25lIjoiMDcwODk4NDU1OCIsInVzZXJfdHlwZSI6ImN1c3RvbWVyIiwic3RhdHVzIjoiYWN0aXZlIiwiaXNMb2dnZWRJbiI6dHJ1ZSwic2Vzc2lvbl9pZCI6InVwMzc5ZmJtbGRucmVoNTNsOWRtZmJjbHIwIn0=",
    "User-Agent": "Mozilla\/5.0 (Windows NT 10.0; Win64; x64) AppleWebKit\/537.36 (KHTML, like Gecko) Chrome\/143.0.0.0 Safari\/537.36 Edg\/143.0.0.0",
    "sec-ch-ua": "\"Microsoft Edge\";v=\"143\", \"Chromium\";v=\"143\", \"Not A(Brand\";v=\"24\"",
    "Content-Type": "application\/json",
    "sec-ch-ua-mobile": "?0",
    "Accept": "*\/*",
    "Origin": "http:\/\/localhost",
    "Sec-Fetch-Site": "same-origin",
    "Sec-Fetch-Mode": "cors",
    "Sec-Fetch-Dest": "empty",
    "Referer": "http:\/\/localhost\/Web-DatPhong-main\/frontend\/booking.html",
    "Accept-Encoding": "gzip, deflate, br, zstd",
    "Accept-Language": "en-US,en;q=0.9",
    "Cookie": "PHPSESSID=q8hgmqri8ihnvbql6j9ok54738"
}
Input: {"room_id":2,"check_in":"2025-12-22","check_out":"2025-12-23","num_guests":2,"total_price":1980000,"special_requests":"","payment_method":"credit","customer_name":"Lý Thị Hoa","customer_email":"hoa@gmail.com","customer_phone":"0708984558"}
Database connection established
=== CREATE BOOKING CALLED ===
Auth header received: Bearer eyJpZCI6OCwidXNlcm5hbWUiOiJob2FAZ21haWwuY29...
User authenticated: Lý Thị Hoa
Raw input: {"room_id":2,"check_in":"2025-12-22","check_out":"2025-12-23","num_guests":2,"total_price":1980000,"special_requests":"","payment_method":"credit","customer_name":"Lý Thị Hoa","customer_email":"hoa@gmail.com","customer_phone":"0708984558"}
Parsed data: Array
(
    [room_id] => 2
    [check_in] => 2025-12-22
    [check_out] => 2025-12-23
    [num_guests] => 2
    [total_price] => 1980000
    [special_requests] => 
    [payment_method] => credit
    [customer_name] => Lý Thị Hoa
    [customer_email] => hoa@gmail.com
    [customer_phone] => 0708984558
)

Room data: Array
(
    [id] => 2
    [room_number] => 102
    [room_type_id] => 1
    [floor] => 1
    [view_type] => garden
    [status] => occupied
    [image_url] => 
    [created_at] => 2025-12-09 00:46:42
)


=== 2025-12-21 10:47:11 =================================
Method: POST
URI: /Web-DatPhong-main/backend/api/controllers/BookingController.php?action=create
GET: Array
(
    [action] => create
)

Headers: {
    "Host": "localhost",
    "Connection": "keep-alive",
    "Content-Length": "242",
    "sec-ch-ua-platform": "\"Windows\"",
    "Authorization": "Bearer eyJpZCI6OCwidXNlcm5hbWUiOiJob2FAZ21haWwuY29tIiwiZW1haWwiOiJob2FAZ21haWwuY29tIiwiZnVsbF9uYW1lIjoiTMO9IFRo4buLIEhvYSIsInBob25lIjoiMDcwODk4NDU1OCIsInVzZXJfdHlwZSI6ImN1c3RvbWVyIiwic3RhdHVzIjoiYWN0aXZlIiwiaXNMb2dnZWRJbiI6dHJ1ZSwic2Vzc2lvbl9pZCI6InVwMzc5ZmJtbGRucmVoNTNsOWRtZmJjbHIwIn0=",
    "User-Agent": "Mozilla\/5.0 (Windows NT 10.0; Win64; x64) AppleWebKit\/537.36 (KHTML, like Gecko) Chrome\/143.0.0.0 Safari\/537.36 Edg\/143.0.0.0",
    "sec-ch-ua": "\"Microsoft Edge\";v=\"143\", \"Chromium\";v=\"143\", \"Not A(Brand\";v=\"24\"",
    "Content-Type": "application\/json",
    "sec-ch-ua-mobile": "?0",
    "Accept": "*\/*",
    "Origin": "http:\/\/localhost",
    "Sec-Fetch-Site": "same-origin",
    "Sec-Fetch-Mode": "cors",
    "Sec-Fetch-Dest": "empty",
    "Referer": "http:\/\/localhost\/Web-DatPhong-main\/frontend\/booking.html",
    "Accept-Encoding": "gzip, deflate, br, zstd",
    "Accept-Language": "en-US,en;q=0.9",
    "Cookie": "PHPSESSID=q8hgmqri8ihnvbql6j9ok54738"
}
Input: {"room_id":3,"check_in":"2025-12-22","check_out":"2025-12-23","num_guests":2,"total_price":3850000,"special_requests":"","payment_method":"credit","customer_name":"Lý Thị Hoa","customer_email":"hoa@gmail.com","customer_phone":"0708984558"}
Database connection established
=== CREATE BOOKING CALLED ===
Auth header received: Bearer eyJpZCI6OCwidXNlcm5hbWUiOiJob2FAZ21haWwuY29...
User authenticated: Lý Thị Hoa
Raw input: {"room_id":3,"check_in":"2025-12-22","check_out":"2025-12-23","num_guests":2,"total_price":3850000,"special_requests":"","payment_method":"credit","customer_name":"Lý Thị Hoa","customer_email":"hoa@gmail.com","customer_phone":"0708984558"}
Parsed data: Array
(
    [room_id] => 3
    [check_in] => 2025-12-22
    [check_out] => 2025-12-23
    [num_guests] => 2
    [total_price] => 3850000
    [special_requests] => 
    [payment_method] => credit
    [customer_name] => Lý Thị Hoa
    [customer_email] => hoa@gmail.com
    [customer_phone] => 0708984558
)

Room data: Array
(
    [id] => 3
    [room_number] => 201
    [room_type_id] => 2
    [floor] => 2
    [view_type] => city
    [status] => available
    [image_url] => 
    [created_at] => 2025-12-09 00:46:42
)


=== 2025-12-21 10:48:20 =================================
Method: GET
URI: /Web-DatPhong-main/backend/api/controllers/BookingController.php?action=getAll
GET: Array
(
    [action] => getAll
)

Headers: {
    "Host": "localhost",
    "Connection": "keep-alive",
    "sec-ch-ua-platform": "\"Windows\"",
    "User-Agent": "Mozilla\/5.0 (Windows NT 10.0; Win64; x64) AppleWebKit\/537.36 (KHTML, like Gecko) Chrome\/143.0.0.0 Safari\/537.36 Edg\/143.0.0.0",
    "Accept": "application\/json",
    "sec-ch-ua": "\"Microsoft Edge\";v=\"143\", \"Chromium\";v=\"143\", \"Not A(Brand\";v=\"24\"",
    "sec-ch-ua-mobile": "?0",
    "Sec-Fetch-Site": "same-origin",
    "Sec-Fetch-Mode": "cors",
    "Sec-Fetch-Dest": "empty",
    "Referer": "http:\/\/localhost\/Web-DatPhong-main\/frontend\/admin\/index.html",
    "Accept-Encoding": "gzip, deflate, br, zstd",
    "Accept-Language": "en-US,en;q=0.9",
    "Cookie": "PHPSESSID=q8hgmqri8ihnvbql6j9ok54738"
}
Input: 
Database connection established

=== 2025-12-21 11:10:52 =================================
Method: GET
URI: /Web-DatPhong-main/backend/api/controllers/BookingController.php?action=getAll
GET: Array
(
    [action] => getAll
)

Headers: {
    "Host": "localhost",
    "Connection": "keep-alive",
    "sec-ch-ua-platform": "\"Windows\"",
    "User-Agent": "Mozilla\/5.0 (Windows NT 10.0; Win64; x64) AppleWebKit\/537.36 (KHTML, like Gecko) Chrome\/143.0.0.0 Safari\/537.36 Edg\/143.0.0.0",
    "Accept": "application\/json",
    "sec-ch-ua": "\"Microsoft Edge\";v=\"143\", \"Chromium\";v=\"143\", \"Not A(Brand\";v=\"24\"",
    "sec-ch-ua-mobile": "?0",
    "Sec-Fetch-Site": "same-origin",
    "Sec-Fetch-Mode": "cors",
    "Sec-Fetch-Dest": "empty",
    "Referer": "http:\/\/localhost\/Web-DatPhong-main\/frontend\/admin\/index.html",
    "Accept-Encoding": "gzip, deflate, br, zstd",
    "Accept-Language": "en-US,en;q=0.9",
    "Cookie": "PHPSESSID=q8hgmqri8ihnvbql6j9ok54738"
}
Input: 
Database connection established

=== 2025-12-21 11:11:30 =================================
Method: POST
URI: /Web-DatPhong-main/backend/api/controllers/BookingController.php?action=create
GET: Array
(
    [action] => create
)

Headers: {
    "Host": "localhost",
    "Connection": "keep-alive",
    "Content-Length": "240",
    "sec-ch-ua-platform": "\"Windows\"",
    "Authorization": "Bearer eyJpZCI6OCwidXNlcm5hbWUiOiJob2FAZ21haWwuY29tIiwiZW1haWwiOiJob2FAZ21haWwuY29tIiwiZnVsbF9uYW1lIjoiTMO9IFRo4buLIEhvYSIsInBob25lIjoiMDcwODk4NDU1OCIsInVzZXJfdHlwZSI6ImN1c3RvbWVyIiwic3RhdHVzIjoiYWN0aXZlIiwiaXNMb2dnZWRJbiI6dHJ1ZSwic2Vzc2lvbl9pZCI6InVwMzc5ZmJtbGRucmVoNTNsOWRtZmJjbHIwIn0=",
    "User-Agent": "Mozilla\/5.0 (Windows NT 10.0; Win64; x64) AppleWebKit\/537.36 (KHTML, like Gecko) Chrome\/143.0.0.0 Safari\/537.36 Edg\/143.0.0.0",
    "sec-ch-ua": "\"Microsoft Edge\";v=\"143\", \"Chromium\";v=\"143\", \"Not A(Brand\";v=\"24\"",
    "Content-Type": "application\/json",
    "sec-ch-ua-mobile": "?0",
    "Accept": "*\/*",
    "Origin": "http:\/\/localhost",
    "Sec-Fetch-Site": "same-origin",
    "Sec-Fetch-Mode": "cors",
    "Sec-Fetch-Dest": "empty",
    "Referer": "http:\/\/localhost\/Web-DatPhong-main\/frontend\/booking.html",
    "Accept-Encoding": "gzip, deflate, br, zstd",
    "Accept-Language": "en-US,en;q=0.9",
    "Cookie": "PHPSESSID=q8hgmqri8ihnvbql6j9ok54738"
}
Input: {"room_id":5,"check_in":"2025-12-22","check_out":"2025-12-23","num_guests":2,"total_price":2200000,"special_requests":"","payment_method":"cash","customer_name":"Lý Thị Hoa","customer_email":"hoa@gmail.com","customer_phone":"0708984558"}
Database connection established
=== CREATE BOOKING CALLED ===
Auth header received: Bearer eyJpZCI6OCwidXNlcm5hbWUiOiJob2FAZ21haWwuY29...
User authenticated: Lý Thị Hoa
Raw input: {"room_id":5,"check_in":"2025-12-22","check_out":"2025-12-23","num_guests":2,"total_price":2200000,"special_requests":"","payment_method":"cash","customer_name":"Lý Thị Hoa","customer_email":"hoa@gmail.com","customer_phone":"0708984558"}
Parsed data: Array
(
    [room_id] => 5
    [check_in] => 2025-12-22
    [check_out] => 2025-12-23
    [num_guests] => 2
    [total_price] => 2200000
    [special_requests] => 
    [payment_method] => cash
    [customer_name] => Lý Thị Hoa
    [customer_email] => hoa@gmail.com
    [customer_phone] => 0708984558
)

Room data: Array
(
    [id] => 5
    [room_number] => 401
    [room_type_id] => 4
    [floor] => 4
    [view_type] => sea
    [status] => cleaning
    [image_url] => image/anh50.jpg
    [created_at] => 2025-12-09 00:46:42
    [capacity] => 2
    [description] => Phòng hạng sang với không gian riêng biệt
    [amenities] => Array
        (
            [0] => WiFi
            [1] => Smart TV
            [2] => Minibar
            [3] => Jacuzzi
            [4] => Balcony
        )

    [room_type] => Executive Suite
    [price_per_night] => 350.00
)


=== 2025-12-21 11:11:41 =================================
Method: POST
URI: /Web-DatPhong-main/backend/api/controllers/BookingController.php?action=create
GET: Array
(
    [action] => create
)

Headers: {
    "Host": "localhost",
    "Connection": "keep-alive",
    "Content-Length": "240",
    "sec-ch-ua-platform": "\"Windows\"",
    "Authorization": "Bearer eyJpZCI6OCwidXNlcm5hbWUiOiJob2FAZ21haWwuY29tIiwiZW1haWwiOiJob2FAZ21haWwuY29tIiwiZnVsbF9uYW1lIjoiTMO9IFRo4buLIEhvYSIsInBob25lIjoiMDcwODk4NDU1OCIsInVzZXJfdHlwZSI6ImN1c3RvbWVyIiwic3RhdHVzIjoiYWN0aXZlIiwiaXNMb2dnZWRJbiI6dHJ1ZSwic2Vzc2lvbl9pZCI6InVwMzc5ZmJtbGRucmVoNTNsOWRtZmJjbHIwIn0=",
    "User-Agent": "Mozilla\/5.0 (Windows NT 10.0; Win64; x64) AppleWebKit\/537.36 (KHTML, like Gecko) Chrome\/143.0.0.0 Safari\/537.36 Edg\/143.0.0.0",
    "sec-ch-ua": "\"Microsoft Edge\";v=\"143\", \"Chromium\";v=\"143\", \"Not A(Brand\";v=\"24\"",
    "Content-Type": "application\/json",
    "sec-ch-ua-mobile": "?0",
    "Accept": "*\/*",
    "Origin": "http:\/\/localhost",
    "Sec-Fetch-Site": "same-origin",
    "Sec-Fetch-Mode": "cors",
    "Sec-Fetch-Dest": "empty",
    "Referer": "http:\/\/localhost\/Web-DatPhong-main\/frontend\/booking.html",
    "Accept-Encoding": "gzip, deflate, br, zstd",
    "Accept-Language": "en-US,en;q=0.9",
    "Cookie": "PHPSESSID=q8hgmqri8ihnvbql6j9ok54738"
}
Input: {"room_id":3,"check_in":"2025-12-22","check_out":"2025-12-23","num_guests":2,"total_price":3850000,"special_requests":"","payment_method":"cash","customer_name":"Lý Thị Hoa","customer_email":"hoa@gmail.com","customer_phone":"0708984558"}
Database connection established
=== CREATE BOOKING CALLED ===
Auth header received: Bearer eyJpZCI6OCwidXNlcm5hbWUiOiJob2FAZ21haWwuY29...
User authenticated: Lý Thị Hoa
Raw input: {"room_id":3,"check_in":"2025-12-22","check_out":"2025-12-23","num_guests":2,"total_price":3850000,"special_requests":"","payment_method":"cash","customer_name":"Lý Thị Hoa","customer_email":"hoa@gmail.com","customer_phone":"0708984558"}
Parsed data: Array
(
    [room_id] => 3
    [check_in] => 2025-12-22
    [check_out] => 2025-12-23
    [num_guests] => 2
    [total_price] => 3850000
    [special_requests] => 
    [payment_method] => cash
    [customer_name] => Lý Thị Hoa
    [customer_email] => hoa@gmail.com
    [customer_phone] => 0708984558
)

Room data: Array
(
    [id] => 3
    [room_number] => 201
    [room_type_id] => 2
    [floor] => 2
    [view_type] => city
    [status] => available
    [image_url] => image/anh49.jpg
    [created_at] => 2025-12-09 00:46:42
    [capacity] => 2
    [description] => Phòng tiêu chuẩn chất lượng cao
    [amenities] => Array
        (
            [0] => WiFi
            [1] => TV
            [2] => Air Conditioning
        )

    [room_type] => Superior Room
    [price_per_night] => 120.00
)

Attempting to create booking with data: Array
(
    [room_id] => 3
    [check_in] => 2025-12-22
    [check_out] => 2025-12-23
    [num_guests] => 2
    [total_price] => 3850000
    [special_requests] => 
    [payment_method] => cash
    [customer_name] => Lý Thị Hoa
    [customer_email] => hoa@gmail.com
    [customer_phone] => 0708984558
    [customer_id] => 8
    [status] => pending
    [payment_status] => pending
    [booking_code] => BK202512211111411977
)

Booking created successfully. Booking ID: 7

=== 2025-12-21 11:12:07 =================================
Method: POST
URI: /Web-DatPhong-main/backend/api/controllers/BookingController.php?action=create
GET: Array
(
    [action] => create
)

Headers: {
    "Host": "localhost",
    "Connection": "keep-alive",
    "Content-Length": "240",
    "sec-ch-ua-platform": "\"Windows\"",
    "Authorization": "Bearer eyJpZCI6OCwidXNlcm5hbWUiOiJob2FAZ21haWwuY29tIiwiZW1haWwiOiJob2FAZ21haWwuY29tIiwiZnVsbF9uYW1lIjoiTMO9IFRo4buLIEhvYSIsInBob25lIjoiMDcwODk4NDU1OCIsInVzZXJfdHlwZSI6ImN1c3RvbWVyIiwic3RhdHVzIjoiYWN0aXZlIiwiaXNMb2dnZWRJbiI6dHJ1ZSwic2Vzc2lvbl9pZCI6InVwMzc5ZmJtbGRucmVoNTNsOWRtZmJjbHIwIn0=",
    "User-Agent": "Mozilla\/5.0 (Windows NT 10.0; Win64; x64) AppleWebKit\/537.36 (KHTML, like Gecko) Chrome\/143.0.0.0 Safari\/537.36 Edg\/143.0.0.0",
    "sec-ch-ua": "\"Microsoft Edge\";v=\"143\", \"Chromium\";v=\"143\", \"Not A(Brand\";v=\"24\"",
    "Content-Type": "application\/json",
    "sec-ch-ua-mobile": "?0",
    "Accept": "*\/*",
    "Origin": "http:\/\/localhost",
    "Sec-Fetch-Site": "same-origin",
    "Sec-Fetch-Mode": "cors",
    "Sec-Fetch-Dest": "empty",
    "Referer": "http:\/\/localhost\/Web-DatPhong-main\/frontend\/booking.html",
    "Accept-Encoding": "gzip, deflate, br, zstd",
    "Accept-Language": "en-US,en;q=0.9",
    "Cookie": "PHPSESSID=q8hgmqri8ihnvbql6j9ok54738"
}
Input: {"room_id":3,"check_in":"2025-12-22","check_out":"2025-12-23","num_guests":2,"total_price":3850000,"special_requests":"","payment_method":"cash","customer_name":"Lý Thị Hoa","customer_email":"hoa@gmail.com","customer_phone":"0708984558"}
Database connection established
=== CREATE BOOKING CALLED ===
Auth header received: Bearer eyJpZCI6OCwidXNlcm5hbWUiOiJob2FAZ21haWwuY29...
User authenticated: Lý Thị Hoa
Raw input: {"room_id":3,"check_in":"2025-12-22","check_out":"2025-12-23","num_guests":2,"total_price":3850000,"special_requests":"","payment_method":"cash","customer_name":"Lý Thị Hoa","customer_email":"hoa@gmail.com","customer_phone":"0708984558"}
Parsed data: Array
(
    [room_id] => 3
    [check_in] => 2025-12-22
    [check_out] => 2025-12-23
    [num_guests] => 2
    [total_price] => 3850000
    [special_requests] => 
    [payment_method] => cash
    [customer_name] => Lý Thị Hoa
    [customer_email] => hoa@gmail.com
    [customer_phone] => 0708984558
)

Room data: Array
(
    [id] => 3
    [room_number] => 201
    [room_type_id] => 2
    [floor] => 2
    [view_type] => city
    [status] => available
    [image_url] => image/anh49.jpg
    [created_at] => 2025-12-09 00:46:42
    [capacity] => 2
    [description] => Phòng tiêu chuẩn chất lượng cao
    [amenities] => Array
        (
            [0] => WiFi
            [1] => TV
            [2] => Air Conditioning
        )

    [room_type] => Superior Room
    [price_per_night] => 120.00
)

Attempting to create booking with data: Array
(
    [room_id] => 3
    [check_in] => 2025-12-22
    [check_out] => 2025-12-23
    [num_guests] => 2
    [total_price] => 3850000
    [special_requests] => 
    [payment_method] => cash
    [customer_name] => Lý Thị Hoa
    [customer_email] => hoa@gmail.com
    [customer_phone] => 0708984558
    [customer_id] => 8
    [status] => pending
    [payment_status] => pending
    [booking_code] => BK202512211112072145
)

Booking created successfully. Booking ID: 8

=== 2025-12-21 13:37:26 =================================
Method: GET
URI: /Web-DatPhong-main/backend/api/controllers/BookingController.php?action=getAll
GET: Array
(
    [action] => getAll
)

Headers: {
    "Host": "localhost",
    "Connection": "keep-alive",
    "sec-ch-ua-platform": "\"Windows\"",
    "User-Agent": "Mozilla\/5.0 (Windows NT 10.0; Win64; x64) AppleWebKit\/537.36 (KHTML, like Gecko) Chrome\/143.0.0.0 Safari\/537.36 Edg\/143.0.0.0",
    "Accept": "application\/json",
    "sec-ch-ua": "\"Microsoft Edge\";v=\"143\", \"Chromium\";v=\"143\", \"Not A(Brand\";v=\"24\"",
    "sec-ch-ua-mobile": "?0",
    "Sec-Fetch-Site": "same-origin",
    "Sec-Fetch-Mode": "cors",
    "Sec-Fetch-Dest": "empty",
    "Referer": "http:\/\/localhost\/Web-DatPhong-main\/frontend\/admin\/index.html",
    "Accept-Encoding": "gzip, deflate, br, zstd",
    "Accept-Language": "en-US,en;q=0.9"
}
Input: 
Database connection established

=== 2025-12-21 13:38:06 =================================
Method: POST
URI: /Web-DatPhong-main/backend/api/controllers/BookingController.php?action=create
GET: Array
(
    [action] => create
)

Headers: {
    "Host": "localhost",
    "Connection": "keep-alive",
    "Content-Length": "242",
    "sec-ch-ua-platform": "\"Windows\"",
    "Authorization": "Bearer eyJpZCI6OCwidXNlcm5hbWUiOiJob2FAZ21haWwuY29tIiwiZW1haWwiOiJob2FAZ21haWwuY29tIiwiZnVsbF9uYW1lIjoiTMO9IFRo4buLIEhvYSIsInBob25lIjoiMDcwODk4NDU1OCIsInVzZXJfdHlwZSI6ImN1c3RvbWVyIiwic3RhdHVzIjoiYWN0aXZlIiwiaXNMb2dnZWRJbiI6dHJ1ZSwic2Vzc2lvbl9pZCI6InVwMzc5ZmJtbGRucmVoNTNsOWRtZmJjbHIwIn0=",
    "User-Agent": "Mozilla\/5.0 (Windows NT 10.0; Win64; x64) AppleWebKit\/537.36 (KHTML, like Gecko) Chrome\/143.0.0.0 Safari\/537.36 Edg\/143.0.0.0",
    "sec-ch-ua": "\"Microsoft Edge\";v=\"143\", \"Chromium\";v=\"143\", \"Not A(Brand\";v=\"24\"",
    "Content-Type": "application\/json",
    "sec-ch-ua-mobile": "?0",
    "Accept": "*\/*",
    "Origin": "http:\/\/localhost",
    "Sec-Fetch-Site": "same-origin",
    "Sec-Fetch-Mode": "cors",
    "Sec-Fetch-Dest": "empty",
    "Referer": "http:\/\/localhost\/Web-DatPhong-main\/frontend\/booking.html",
    "Accept-Encoding": "gzip, deflate, br, zstd",
    "Accept-Language": "en-US,en;q=0.9",
    "Cookie": "PHPSESSID=fiv8fd6ochqr8iqh7luvas3v0a"
}
Input: {"room_id":4,"check_in":"2025-12-22","check_out":"2025-12-23","num_guests":2,"total_price":2750000,"special_requests":"","payment_method":"credit","customer_name":"Lý Thị Hoa","customer_email":"hoa@gmail.com","customer_phone":"0708984558"}
Database connection established
=== CREATE BOOKING CALLED ===
Auth header received: Bearer eyJpZCI6OCwidXNlcm5hbWUiOiJob2FAZ21haWwuY29...
User authenticated: Lý Thị Hoa
Raw input: {"room_id":4,"check_in":"2025-12-22","check_out":"2025-12-23","num_guests":2,"total_price":2750000,"special_requests":"","payment_method":"credit","customer_name":"Lý Thị Hoa","customer_email":"hoa@gmail.com","customer_phone":"0708984558"}
Parsed data: Array
(
    [room_id] => 4
    [check_in] => 2025-12-22
    [check_out] => 2025-12-23
    [num_guests] => 2
    [total_price] => 2750000
    [special_requests] => 
    [payment_method] => credit
    [customer_name] => Lý Thị Hoa
    [customer_email] => hoa@gmail.com
    [customer_phone] => 0708984558
)

Room data: Array
(
    [id] => 4
    [room_number] => 301
    [room_type_id] => 3
    [floor] => 3
    [view_type] => sea
    [status] => available
    [image_url] => image/anh50.jpg
    [created_at] => 2025-12-09 00:46:42
    [capacity] => 4
    [description] => Phòng gia đình rộng rãi, phù hợp 4 người
    [amenities] => Array
        (
            [0] => WiFi
            [1] => TV
            [2] => Minibar
            [3] => Kitchenette
            [4] => Sofa
        )

    [room_type] => Family Suite
    [price_per_night] => 250.00
)

Attempting to create booking with data: Array
(
    [room_id] => 4
    [check_in] => 2025-12-22
    [check_out] => 2025-12-23
    [num_guests] => 2
    [total_price] => 2750000
    [special_requests] => 
    [payment_method] => credit
    [customer_name] => Lý Thị Hoa
    [customer_email] => hoa@gmail.com
    [customer_phone] => 0708984558
    [customer_id] => 8
    [status] => pending
    [payment_status] => pending
    [booking_code] => BK202512211338064886
)

Exception in booking creation: SQLSTATE[01000]: Warning: 1265 Data truncated for column 'payment_method' at row 1
Stack trace: #0 C:\xampp\htdocs\Web-DatPhong-main\backend\api\models\Booking.php(68): PDOStatement->execute()
#1 C:\xampp\htdocs\Web-DatPhong-main\backend\api\controllers\BookingController.php(226): Booking->create(Array)
#2 C:\xampp\htdocs\Web-DatPhong-main\backend\api\controllers\BookingController.php(445): BookingController->create()
#3 {main}

=== 2025-12-21 13:38:10 =================================
Method: POST
URI: /Web-DatPhong-main/backend/api/controllers/BookingController.php?action=create
GET: Array
(
    [action] => create
)

Headers: {
    "Host": "localhost",
    "Connection": "keep-alive",
    "Content-Length": "242",
    "sec-ch-ua-platform": "\"Windows\"",
    "Authorization": "Bearer eyJpZCI6OCwidXNlcm5hbWUiOiJob2FAZ21haWwuY29tIiwiZW1haWwiOiJob2FAZ21haWwuY29tIiwiZnVsbF9uYW1lIjoiTMO9IFRo4buLIEhvYSIsInBob25lIjoiMDcwODk4NDU1OCIsInVzZXJfdHlwZSI6ImN1c3RvbWVyIiwic3RhdHVzIjoiYWN0aXZlIiwiaXNMb2dnZWRJbiI6dHJ1ZSwic2Vzc2lvbl9pZCI6InVwMzc5ZmJtbGRucmVoNTNsOWRtZmJjbHIwIn0=",
    "User-Agent": "Mozilla\/5.0 (Windows NT 10.0; Win64; x64) AppleWebKit\/537.36 (KHTML, like Gecko) Chrome\/143.0.0.0 Safari\/537.36 Edg\/143.0.0.0",
    "sec-ch-ua": "\"Microsoft Edge\";v=\"143\", \"Chromium\";v=\"143\", \"Not A(Brand\";v=\"24\"",
    "Content-Type": "application\/json",
    "sec-ch-ua-mobile": "?0",
    "Accept": "*\/*",
    "Origin": "http:\/\/localhost",
    "Sec-Fetch-Site": "same-origin",
    "Sec-Fetch-Mode": "cors",
    "Sec-Fetch-Dest": "empty",
    "Referer": "http:\/\/localhost\/Web-DatPhong-main\/frontend\/booking.html",
    "Accept-Encoding": "gzip, deflate, br, zstd",
    "Accept-Language": "en-US,en;q=0.9",
    "Cookie": "PHPSESSID=fiv8fd6ochqr8iqh7luvas3v0a"
}
Input: {"room_id":4,"check_in":"2025-12-22","check_out":"2025-12-23","num_guests":2,"total_price":2750000,"special_requests":"","payment_method":"credit","customer_name":"Lý Thị Hoa","customer_email":"hoa@gmail.com","customer_phone":"0708984558"}
Database connection established
=== CREATE BOOKING CALLED ===
Auth header received: Bearer eyJpZCI6OCwidXNlcm5hbWUiOiJob2FAZ21haWwuY29...
User authenticated: Lý Thị Hoa
Raw input: {"room_id":4,"check_in":"2025-12-22","check_out":"2025-12-23","num_guests":2,"total_price":2750000,"special_requests":"","payment_method":"credit","customer_name":"Lý Thị Hoa","customer_email":"hoa@gmail.com","customer_phone":"0708984558"}
Parsed data: Array
(
    [room_id] => 4
    [check_in] => 2025-12-22
    [check_out] => 2025-12-23
    [num_guests] => 2
    [total_price] => 2750000
    [special_requests] => 
    [payment_method] => credit
    [customer_name] => Lý Thị Hoa
    [customer_email] => hoa@gmail.com
    [customer_phone] => 0708984558
)

Room data: Array
(
    [id] => 4
    [room_number] => 301
    [room_type_id] => 3
    [floor] => 3
    [view_type] => sea
    [status] => available
    [image_url] => image/anh50.jpg
    [created_at] => 2025-12-09 00:46:42
    [capacity] => 4
    [description] => Phòng gia đình rộng rãi, phù hợp 4 người
    [amenities] => Array
        (
            [0] => WiFi
            [1] => TV
            [2] => Minibar
            [3] => Kitchenette
            [4] => Sofa
        )

    [room_type] => Family Suite
    [price_per_night] => 250.00
)

Attempting to create booking with data: Array
(
    [room_id] => 4
    [check_in] => 2025-12-22
    [check_out] => 2025-12-23
    [num_guests] => 2
    [total_price] => 2750000
    [special_requests] => 
    [payment_method] => credit
    [customer_name] => Lý Thị Hoa
    [customer_email] => hoa@gmail.com
    [customer_phone] => 0708984558
    [customer_id] => 8
    [status] => pending
    [payment_status] => pending
    [booking_code] => BK202512211338106936
)

Exception in booking creation: SQLSTATE[01000]: Warning: 1265 Data truncated for column 'payment_method' at row 1
Stack trace: #0 C:\xampp\htdocs\Web-DatPhong-main\backend\api\models\Booking.php(68): PDOStatement->execute()
#1 C:\xampp\htdocs\Web-DatPhong-main\backend\api\controllers\BookingController.php(226): Booking->create(Array)
#2 C:\xampp\htdocs\Web-DatPhong-main\backend\api\controllers\BookingController.php(445): BookingController->create()
#3 {main}

=== 2025-12-21 14:00:49 =================================
Method: POST
URI: /Web-DatPhong-main/backend/api/controllers/BookingController.php?action=create
GET: Array
(
    [action] => create
)

Headers: {
    "Host": "localhost",
    "Connection": "keep-alive",
    "Content-Length": "240",
    "sec-ch-ua-platform": "\"Windows\"",
    "Authorization": "Bearer eyJpZCI6OCwidXNlcm5hbWUiOiJob2FAZ21haWwuY29tIiwiZW1haWwiOiJob2FAZ21haWwuY29tIiwiZnVsbF9uYW1lIjoiTMO9IFRo4buLIEhvYSIsInBob25lIjoiMDcwODk4NDU1OCIsInVzZXJfdHlwZSI6ImN1c3RvbWVyIiwic3RhdHVzIjoiYWN0aXZlIiwiaXNMb2dnZWRJbiI6dHJ1ZSwic2Vzc2lvbl9pZCI6InVwMzc5ZmJtbGRucmVoNTNsOWRtZmJjbHIwIn0=",
    "User-Agent": "Mozilla\/5.0 (Windows NT 10.0; Win64; x64) AppleWebKit\/537.36 (KHTML, like Gecko) Chrome\/143.0.0.0 Safari\/537.36 Edg\/143.0.0.0",
    "sec-ch-ua": "\"Microsoft Edge\";v=\"143\", \"Chromium\";v=\"143\", \"Not A(Brand\";v=\"24\"",
    "Content-Type": "application\/json",
    "sec-ch-ua-mobile": "?0",
    "Accept": "*\/*",
    "Origin": "http:\/\/localhost",
    "Sec-Fetch-Site": "same-origin",
    "Sec-Fetch-Mode": "cors",
    "Sec-Fetch-Dest": "empty",
    "Referer": "http:\/\/localhost\/Web-DatPhong-main\/frontend\/booking.html",
    "Accept-Encoding": "gzip, deflate, br, zstd",
    "Accept-Language": "en-US,en;q=0.9",
    "Cookie": "PHPSESSID=fiv8fd6ochqr8iqh7luvas3v0a"
}
Input: {"room_id":4,"check_in":"2025-12-22","check_out":"2025-12-23","num_guests":2,"total_price":2750000,"special_requests":"","payment_method":"cash","customer_name":"Lý Thị Hoa","customer_email":"hoa@gmail.com","customer_phone":"0708984558"}
Database connection established
=== CREATE BOOKING CALLED ===
Auth header received: Bearer eyJpZCI6OCwidXNlcm5hbWUiOiJob2FAZ21haWwuY29...
User authenticated: Lý Thị Hoa
Raw input: {"room_id":4,"check_in":"2025-12-22","check_out":"2025-12-23","num_guests":2,"total_price":2750000,"special_requests":"","payment_method":"cash","customer_name":"Lý Thị Hoa","customer_email":"hoa@gmail.com","customer_phone":"0708984558"}
Parsed data: Array
(
    [room_id] => 4
    [check_in] => 2025-12-22
    [check_out] => 2025-12-23
    [num_guests] => 2
    [total_price] => 2750000
    [special_requests] => 
    [payment_method] => cash
    [customer_name] => Lý Thị Hoa
    [customer_email] => hoa@gmail.com
    [customer_phone] => 0708984558
)

Room data: Array
(
    [id] => 4
    [room_number] => 301
    [room_type_id] => 3
    [floor] => 3
    [view_type] => sea
    [status] => available
    [image_url] => image/anh50.jpg
    [created_at] => 2025-12-09 00:46:42
    [capacity] => 4
    [description] => Phòng gia đình rộng rãi, phù hợp 4 người
    [amenities] => Array
        (
            [0] => WiFi
            [1] => TV
            [2] => Minibar
            [3] => Kitchenette
            [4] => Sofa
        )

    [room_type] => Family Suite
    [price_per_night] => 250.00
)

Attempting to create booking with data: Array
(
    [room_id] => 4
    [check_in] => 2025-12-22
    [check_out] => 2025-12-23
    [num_guests] => 2
    [total_price] => 2750000
    [special_requests] => 
    [payment_method] => cash
    [customer_name] => Lý Thị Hoa
    [customer_email] => hoa@gmail.com
    [customer_phone] => 0708984558
    [customer_id] => 8
    [status] => pending
    [payment_status] => pending
    [booking_code] => BK202512211400496729
)

Booking created successfully. Booking ID: 9
2025-12-21 14:00:49 - Room::updateStatus() called: Room 4 -> occupied, Result: success

=== 2025-12-21 14:01:09 =================================
Method: GET
URI: /Web-DatPhong-main/backend/api/controllers/BookingController.php?action=getAll
GET: Array
(
    [action] => getAll
)

Headers: {
    "Host": "localhost",
    "Connection": "keep-alive",
    "sec-ch-ua-platform": "\"Windows\"",
    "User-Agent": "Mozilla\/5.0 (Windows NT 10.0; Win64; x64) AppleWebKit\/537.36 (KHTML, like Gecko) Chrome\/143.0.0.0 Safari\/537.36 Edg\/143.0.0.0",
    "Accept": "application\/json",
    "sec-ch-ua": "\"Microsoft Edge\";v=\"143\", \"Chromium\";v=\"143\", \"Not A(Brand\";v=\"24\"",
    "sec-ch-ua-mobile": "?0",
    "Sec-Fetch-Site": "same-origin",
    "Sec-Fetch-Mode": "cors",
    "Sec-Fetch-Dest": "empty",
    "Referer": "http:\/\/localhost\/Web-DatPhong-main\/frontend\/admin\/index.html",
    "Accept-Encoding": "gzip, deflate, br, zstd",
    "Accept-Language": "en-US,en;q=0.9",
    "Cookie": "PHPSESSID=fiv8fd6ochqr8iqh7luvas3v0a"
}
Input: 
Database connection established

=== 2025-12-21 14:01:16 =================================
Method: GET
URI: /Web-DatPhong-main/backend/api/controllers/BookingController.php?action=getAll
GET: Array
(
    [action] => getAll
)

Headers: {
    "Host": "localhost",
    "Connection": "keep-alive",
    "sec-ch-ua-platform": "\"Windows\"",
    "User-Agent": "Mozilla\/5.0 (Windows NT 10.0; Win64; x64) AppleWebKit\/537.36 (KHTML, like Gecko) Chrome\/143.0.0.0 Safari\/537.36 Edg\/143.0.0.0",
    "Accept": "application\/json",
    "sec-ch-ua": "\"Microsoft Edge\";v=\"143\", \"Chromium\";v=\"143\", \"Not A(Brand\";v=\"24\"",
    "sec-ch-ua-mobile": "?0",
    "Sec-Fetch-Site": "same-origin",
    "Sec-Fetch-Mode": "cors",
    "Sec-Fetch-Dest": "empty",
    "Referer": "http:\/\/localhost\/Web-DatPhong-main\/frontend\/admin\/index.html",
    "Accept-Encoding": "gzip, deflate, br, zstd",
    "Accept-Language": "en-US,en;q=0.9",
    "Cookie": "PHPSESSID=fiv8fd6ochqr8iqh7luvas3v0a"
}
Input: 
Database connection established

=== 2025-12-21 14:01:34 =================================
Method: GET
URI: /Web-DatPhong-main/backend/api/controllers/BookingController.php
GET: Array
(
)

Headers: {
    "Host": "localhost",
    "Connection": "keep-alive",
    "sec-ch-ua": "\"Microsoft Edge\";v=\"143\", \"Chromium\";v=\"143\", \"Not A(Brand\";v=\"24\"",
    "sec-ch-ua-mobile": "?0",
    "sec-ch-ua-platform": "\"Windows\"",
    "Upgrade-Insecure-Requests": "1",
    "User-Agent": "Mozilla\/5.0 (Windows NT 10.0; Win64; x64) AppleWebKit\/537.36 (KHTML, like Gecko) Chrome\/143.0.0.0 Safari\/537.36 Edg\/143.0.0.0",
    "Accept": "text\/html,application\/xhtml+xml,application\/xml;q=0.9,image\/avif,image\/webp,image\/apng,*\/*;q=0.8,application\/signed-exchange;v=b3;q=0.7",
    "Sec-Fetch-Site": "none",
    "Sec-Fetch-Mode": "navigate",
    "Sec-Fetch-User": "?1",
    "Sec-Fetch-Dest": "document",
    "Accept-Encoding": "gzip, deflate, br, zstd",
    "Accept-Language": "en-US,en;q=0.9",
    "Cookie": "PHPSESSID=fiv8fd6ochqr8iqh7luvas3v0a"
}
Input: 
Database connection established

=== 2025-12-21 14:36:46 =================================
Method: GET
URI: /Web-DatPhong-main/backend/api/controllers/BookingController.php?action=getAll
GET: Array
(
    [action] => getAll
)

Headers: {
    "Host": "localhost",
    "Connection": "keep-alive",
    "sec-ch-ua": "\"Microsoft Edge\";v=\"143\", \"Chromium\";v=\"143\", \"Not A(Brand\";v=\"24\"",
    "sec-ch-ua-mobile": "?0",
    "sec-ch-ua-platform": "\"Windows\"",
    "Upgrade-Insecure-Requests": "1",
    "User-Agent": "Mozilla\/5.0 (Windows NT 10.0; Win64; x64) AppleWebKit\/537.36 (KHTML, like Gecko) Chrome\/143.0.0.0 Safari\/537.36 Edg\/143.0.0.0",
    "Accept": "text\/html,application\/xhtml+xml,application\/xml;q=0.9,image\/avif,image\/webp,image\/apng,*\/*;q=0.8,application\/signed-exchange;v=b3;q=0.7",
    "Sec-Fetch-Site": "none",
    "Sec-Fetch-Mode": "navigate",
    "Sec-Fetch-User": "?1",
    "Sec-Fetch-Dest": "document",
    "Accept-Encoding": "gzip, deflate, br, zstd",
    "Accept-Language": "en-US,en;q=0.9",
    "Cookie": "PHPSESSID=fiv8fd6ochqr8iqh7luvas3v0a"
}
Input: 
Database connection established
=== GET ALL BOOKINGS (ADMIN) CALLED ===
Auth header received: ...
Auth failed: No Bearer token

=== 2025-12-21 14:37:15 =================================
Method: GET
URI: /Web-DatPhong-main/backend/api/controllers/BookingController.php?action=getAll
GET: Array
(
    [action] => getAll
)

Headers: {
    "Host": "localhost",
    "Connection": "keep-alive",
    "sec-ch-ua-platform": "\"Windows\"",
    "User-Agent": "Mozilla\/5.0 (Windows NT 10.0; Win64; x64) AppleWebKit\/537.36 (KHTML, like Gecko) Chrome\/143.0.0.0 Safari\/537.36 Edg\/143.0.0.0",
    "Accept": "application\/json",
    "sec-ch-ua": "\"Microsoft Edge\";v=\"143\", \"Chromium\";v=\"143\", \"Not A(Brand\";v=\"24\"",
    "sec-ch-ua-mobile": "?0",
    "Sec-Fetch-Site": "same-origin",
    "Sec-Fetch-Mode": "cors",
    "Sec-Fetch-Dest": "empty",
    "Referer": "http:\/\/localhost\/Web-DatPhong-main\/frontend\/admin\/index.html",
    "Accept-Encoding": "gzip, deflate, br, zstd",
    "Accept-Language": "en-US,en;q=0.9",
    "Cookie": "PHPSESSID=fiv8fd6ochqr8iqh7luvas3v0a"
}
Input: 
Database connection established
=== GET ALL BOOKINGS (ADMIN) CALLED ===
Auth header received: ...
Auth failed: No Bearer token

=== 2025-12-21 14:37:17 =================================
Method: GET
URI: /Web-DatPhong-main/backend/api/controllers/BookingController.php?action=getAll
GET: Array
(
    [action] => getAll
)

Headers: {
    "Host": "localhost",
    "Connection": "keep-alive",
    "sec-ch-ua-platform": "\"Windows\"",
    "User-Agent": "Mozilla\/5.0 (Windows NT 10.0; Win64; x64) AppleWebKit\/537.36 (KHTML, like Gecko) Chrome\/143.0.0.0 Safari\/537.36 Edg\/143.0.0.0",
    "Accept": "application\/json",
    "sec-ch-ua": "\"Microsoft Edge\";v=\"143\", \"Chromium\";v=\"143\", \"Not A(Brand\";v=\"24\"",
    "sec-ch-ua-mobile": "?0",
    "Sec-Fetch-Site": "same-origin",
    "Sec-Fetch-Mode": "cors",
    "Sec-Fetch-Dest": "empty",
    "Referer": "http:\/\/localhost\/Web-DatPhong-main\/frontend\/admin\/index.html",
    "Accept-Encoding": "gzip, deflate, br, zstd",
    "Accept-Language": "en-US,en;q=0.9",
    "Cookie": "PHPSESSID=fiv8fd6ochqr8iqh7luvas3v0a"
}
Input: 
Database connection established
=== GET ALL BOOKINGS (ADMIN) CALLED ===
Auth header received: ...
Auth failed: No Bearer token

=== 2025-12-21 14:37:22 =================================
Method: GET
URI: /Web-DatPhong-main/backend/api/controllers/BookingController.php?action=getAll
GET: Array
(
    [action] => getAll
)

Headers: {
    "Host": "localhost",
    "Connection": "keep-alive",
    "sec-ch-ua-platform": "\"Windows\"",
    "User-Agent": "Mozilla\/5.0 (Windows NT 10.0; Win64; x64) AppleWebKit\/537.36 (KHTML, like Gecko) Chrome\/143.0.0.0 Safari\/537.36 Edg\/143.0.0.0",
    "Accept": "application\/json",
    "sec-ch-ua": "\"Microsoft Edge\";v=\"143\", \"Chromium\";v=\"143\", \"Not A(Brand\";v=\"24\"",
    "sec-ch-ua-mobile": "?0",
    "Sec-Fetch-Site": "same-origin",
    "Sec-Fetch-Mode": "cors",
    "Sec-Fetch-Dest": "empty",
    "Referer": "http:\/\/localhost\/Web-DatPhong-main\/frontend\/admin\/index.html",
    "Accept-Encoding": "gzip, deflate, br, zstd",
    "Accept-Language": "en-US,en;q=0.9",
    "Cookie": "PHPSESSID=fiv8fd6ochqr8iqh7luvas3v0a"
}
Input: 
Database connection established
=== GET ALL BOOKINGS (ADMIN) CALLED ===
Auth header received: ...
Auth failed: No Bearer token

=== 2025-12-21 14:37:27 =================================
Method: GET
URI: /Web-DatPhong-main/backend/api/controllers/BookingController.php?action=getAll
GET: Array
(
    [action] => getAll
)

Headers: {
    "Host": "localhost",
    "Connection": "keep-alive",
    "sec-ch-ua-platform": "\"Windows\"",
    "User-Agent": "Mozilla\/5.0 (Windows NT 10.0; Win64; x64) AppleWebKit\/537.36 (KHTML, like Gecko) Chrome\/143.0.0.0 Safari\/537.36 Edg\/143.0.0.0",
    "Accept": "application\/json",
    "sec-ch-ua": "\"Microsoft Edge\";v=\"143\", \"Chromium\";v=\"143\", \"Not A(Brand\";v=\"24\"",
    "sec-ch-ua-mobile": "?0",
    "Sec-Fetch-Site": "same-origin",
    "Sec-Fetch-Mode": "cors",
    "Sec-Fetch-Dest": "empty",
    "Referer": "http:\/\/localhost\/Web-DatPhong-main\/frontend\/admin\/index.html",
    "Accept-Encoding": "gzip, deflate, br, zstd",
    "Accept-Language": "en-US,en;q=0.9",
    "Cookie": "PHPSESSID=fiv8fd6ochqr8iqh7luvas3v0a"
}
Input: 
Database connection established
=== GET ALL BOOKINGS (ADMIN) CALLED ===
Auth header received: ...
Auth failed: No Bearer token

=== 2025-12-21 14:37:27 =================================
Method: GET
URI: /Web-DatPhong-main/backend/api/controllers/BookingController.php?action=getAll
GET: Array
(
    [action] => getAll
)

Headers: {
    "Host": "localhost",
    "Connection": "keep-alive",
    "sec-ch-ua-platform": "\"Windows\"",
    "User-Agent": "Mozilla\/5.0 (Windows NT 10.0; Win64; x64) AppleWebKit\/537.36 (KHTML, like Gecko) Chrome\/143.0.0.0 Safari\/537.36 Edg\/143.0.0.0",
    "Accept": "application\/json",
    "sec-ch-ua": "\"Microsoft Edge\";v=\"143\", \"Chromium\";v=\"143\", \"Not A(Brand\";v=\"24\"",
    "sec-ch-ua-mobile": "?0",
    "Sec-Fetch-Site": "same-origin",
    "Sec-Fetch-Mode": "cors",
    "Sec-Fetch-Dest": "empty",
    "Referer": "http:\/\/localhost\/Web-DatPhong-main\/frontend\/admin\/index.html",
    "Accept-Encoding": "gzip, deflate, br, zstd",
    "Accept-Language": "en-US,en;q=0.9",
    "Cookie": "PHPSESSID=fiv8fd6ochqr8iqh7luvas3v0a"
}
Input: 
Database connection established
=== GET ALL BOOKINGS (ADMIN) CALLED ===
Auth header received: ...
Auth failed: No Bearer token

=== 2025-12-21 14:37:34 =================================
Method: GET
URI: /Web-DatPhong-main/backend/api/controllers/BookingController.php?action=getAll
GET: Array
(
    [action] => getAll
)

Headers: {
    "Host": "localhost",
    "Connection": "keep-alive",
    "sec-ch-ua-platform": "\"Windows\"",
    "User-Agent": "Mozilla\/5.0 (Windows NT 10.0; Win64; x64) AppleWebKit\/537.36 (KHTML, like Gecko) Chrome\/143.0.0.0 Safari\/537.36 Edg\/143.0.0.0",
    "Accept": "application\/json",
    "sec-ch-ua": "\"Microsoft Edge\";v=\"143\", \"Chromium\";v=\"143\", \"Not A(Brand\";v=\"24\"",
    "sec-ch-ua-mobile": "?0",
    "Sec-Fetch-Site": "same-origin",
    "Sec-Fetch-Mode": "cors",
    "Sec-Fetch-Dest": "empty",
    "Referer": "http:\/\/localhost\/Web-DatPhong-main\/frontend\/admin\/index.html",
    "Accept-Encoding": "gzip, deflate, br, zstd",
    "Accept-Language": "en-US,en;q=0.9",
    "Cookie": "PHPSESSID=fiv8fd6ochqr8iqh7luvas3v0a"
}
Input: 
Database connection established
=== GET ALL BOOKINGS (ADMIN) CALLED ===
Auth header received: ...
Auth failed: No Bearer token

=== 2025-12-21 14:40:17 =================================
Method: POST
URI: /Web-DatPhong-main/backend/api/controllers/BookingController.php?action=create
GET: Array
(
    [action] => create
)

Headers: {
    "Host": "localhost",
    "Connection": "keep-alive",
    "Content-Length": "240",
    "sec-ch-ua-platform": "\"Windows\"",
    "Authorization": "Bearer eyJpZCI6OCwidXNlcm5hbWUiOiJob2FAZ21haWwuY29tIiwiZW1haWwiOiJob2FAZ21haWwuY29tIiwiZnVsbF9uYW1lIjoiTMO9IFRo4buLIEhvYSIsInBob25lIjoiMDcwODk4NDU1OCIsInVzZXJfdHlwZSI6ImN1c3RvbWVyIiwic3RhdHVzIjoiYWN0aXZlIiwiaXNMb2dnZWRJbiI6dHJ1ZSwic2Vzc2lvbl9pZCI6InVwMzc5ZmJtbGRucmVoNTNsOWRtZmJjbHIwIn0=",
    "User-Agent": "Mozilla\/5.0 (Windows NT 10.0; Win64; x64) AppleWebKit\/537.36 (KHTML, like Gecko) Chrome\/143.0.0.0 Safari\/537.36 Edg\/143.0.0.0",
    "sec-ch-ua": "\"Microsoft Edge\";v=\"143\", \"Chromium\";v=\"143\", \"Not A(Brand\";v=\"24\"",
    "Content-Type": "application\/json",
    "sec-ch-ua-mobile": "?0",
    "Accept": "*\/*",
    "Origin": "http:\/\/localhost",
    "Sec-Fetch-Site": "same-origin",
    "Sec-Fetch-Mode": "cors",
    "Sec-Fetch-Dest": "empty",
    "Referer": "http:\/\/localhost\/Web-DatPhong-main\/frontend\/booking.html",
    "Accept-Encoding": "gzip, deflate, br, zstd",
    "Accept-Language": "en-US,en;q=0.9",
    "Cookie": "PHPSESSID=fiv8fd6ochqr8iqh7luvas3v0a"
}
Input: {"room_id":4,"check_in":"2025-12-22","check_out":"2025-12-23","num_guests":2,"total_price":2750000,"special_requests":"","payment_method":"cash","customer_name":"Lý Thị Hoa","customer_email":"hoa@gmail.com","customer_phone":"0708984558"}
Database connection established
=== CREATE BOOKING CALLED ===
Auth header received: Bearer eyJpZCI6OCwidXNlcm5hbWUiOiJob2FAZ21haWwuY29...
User authenticated: Lý Thị Hoa
Raw input: {"room_id":4,"check_in":"2025-12-22","check_out":"2025-12-23","num_guests":2,"total_price":2750000,"special_requests":"","payment_method":"cash","customer_name":"Lý Thị Hoa","customer_email":"hoa@gmail.com","customer_phone":"0708984558"}
Parsed data: Array
(
    [room_id] => 4
    [check_in] => 2025-12-22
    [check_out] => 2025-12-23
    [num_guests] => 2
    [total_price] => 2750000
    [special_requests] => 
    [payment_method] => cash
    [customer_name] => Lý Thị Hoa
    [customer_email] => hoa@gmail.com
    [customer_phone] => 0708984558
)

Room data: Array
(
    [id] => 4
    [room_number] => 301
    [room_type_id] => 3
    [floor] => 3
    [view_type] => sea
    [status] => occupied
    [image_url] => image/anh50.jpg
    [created_at] => 2025-12-09 00:46:42
    [capacity] => 4
    [description] => Phòng gia đình rộng rãi, phù hợp 4 người
    [amenities] => Array
        (
            [0] => WiFi
            [1] => TV
            [2] => Minibar
            [3] => Kitchenette
            [4] => Sofa
        )

    [room_type] => Family Suite
    [price_per_night] => 250.00
)


=== 2025-12-21 14:40:26 =================================
Method: POST
URI: /Web-DatPhong-main/backend/api/controllers/BookingController.php?action=create
GET: Array
(
    [action] => create
)

Headers: {
    "Host": "localhost",
    "Connection": "keep-alive",
    "Content-Length": "240",
    "sec-ch-ua-platform": "\"Windows\"",
    "Authorization": "Bearer eyJpZCI6OCwidXNlcm5hbWUiOiJob2FAZ21haWwuY29tIiwiZW1haWwiOiJob2FAZ21haWwuY29tIiwiZnVsbF9uYW1lIjoiTMO9IFRo4buLIEhvYSIsInBob25lIjoiMDcwODk4NDU1OCIsInVzZXJfdHlwZSI6ImN1c3RvbWVyIiwic3RhdHVzIjoiYWN0aXZlIiwiaXNMb2dnZWRJbiI6dHJ1ZSwic2Vzc2lvbl9pZCI6InVwMzc5ZmJtbGRucmVoNTNsOWRtZmJjbHIwIn0=",
    "User-Agent": "Mozilla\/5.0 (Windows NT 10.0; Win64; x64) AppleWebKit\/537.36 (KHTML, like Gecko) Chrome\/143.0.0.0 Safari\/537.36 Edg\/143.0.0.0",
    "sec-ch-ua": "\"Microsoft Edge\";v=\"143\", \"Chromium\";v=\"143\", \"Not A(Brand\";v=\"24\"",
    "Content-Type": "application\/json",
    "sec-ch-ua-mobile": "?0",
    "Accept": "*\/*",
    "Origin": "http:\/\/localhost",
    "Sec-Fetch-Site": "same-origin",
    "Sec-Fetch-Mode": "cors",
    "Sec-Fetch-Dest": "empty",
    "Referer": "http:\/\/localhost\/Web-DatPhong-main\/frontend\/booking.html",
    "Accept-Encoding": "gzip, deflate, br, zstd",
    "Accept-Language": "en-US,en;q=0.9",
    "Cookie": "PHPSESSID=fiv8fd6ochqr8iqh7luvas3v0a"
}
Input: {"room_id":5,"check_in":"2025-12-22","check_out":"2025-12-23","num_guests":2,"total_price":2200000,"special_requests":"","payment_method":"cash","customer_name":"Lý Thị Hoa","customer_email":"hoa@gmail.com","customer_phone":"0708984558"}
Database connection established
=== CREATE BOOKING CALLED ===
Auth header received: Bearer eyJpZCI6OCwidXNlcm5hbWUiOiJob2FAZ21haWwuY29...
User authenticated: Lý Thị Hoa
Raw input: {"room_id":5,"check_in":"2025-12-22","check_out":"2025-12-23","num_guests":2,"total_price":2200000,"special_requests":"","payment_method":"cash","customer_name":"Lý Thị Hoa","customer_email":"hoa@gmail.com","customer_phone":"0708984558"}
Parsed data: Array
(
    [room_id] => 5
    [check_in] => 2025-12-22
    [check_out] => 2025-12-23
    [num_guests] => 2
    [total_price] => 2200000
    [special_requests] => 
    [payment_method] => cash
    [customer_name] => Lý Thị Hoa
    [customer_email] => hoa@gmail.com
    [customer_phone] => 0708984558
)

Room data: Array
(
    [id] => 5
    [room_number] => 401
    [room_type_id] => 4
    [floor] => 4
    [view_type] => sea
    [status] => cleaning
    [image_url] => image/anh50.jpg
    [created_at] => 2025-12-09 00:46:42
    [capacity] => 2
    [description] => Phòng hạng sang với không gian riêng biệt
    [amenities] => Array
        (
            [0] => WiFi
            [1] => Smart TV
            [2] => Minibar
            [3] => Jacuzzi
            [4] => Balcony
        )

    [room_type] => Executive Suite
    [price_per_night] => 350.00
)


=== 2025-12-21 14:40:37 =================================
Method: POST
URI: /Web-DatPhong-main/backend/api/controllers/BookingController.php?action=create
GET: Array
(
    [action] => create
)

Headers: {
    "Host": "localhost",
    "Connection": "keep-alive",
    "Content-Length": "240",
    "sec-ch-ua-platform": "\"Windows\"",
    "Authorization": "Bearer eyJpZCI6OCwidXNlcm5hbWUiOiJob2FAZ21haWwuY29tIiwiZW1haWwiOiJob2FAZ21haWwuY29tIiwiZnVsbF9uYW1lIjoiTMO9IFRo4buLIEhvYSIsInBob25lIjoiMDcwODk4NDU1OCIsInVzZXJfdHlwZSI6ImN1c3RvbWVyIiwic3RhdHVzIjoiYWN0aXZlIiwiaXNMb2dnZWRJbiI6dHJ1ZSwic2Vzc2lvbl9pZCI6InVwMzc5ZmJtbGRucmVoNTNsOWRtZmJjbHIwIn0=",
    "User-Agent": "Mozilla\/5.0 (Windows NT 10.0; Win64; x64) AppleWebKit\/537.36 (KHTML, like Gecko) Chrome\/143.0.0.0 Safari\/537.36 Edg\/143.0.0.0",
    "sec-ch-ua": "\"Microsoft Edge\";v=\"143\", \"Chromium\";v=\"143\", \"Not A(Brand\";v=\"24\"",
    "Content-Type": "application\/json",
    "sec-ch-ua-mobile": "?0",
    "Accept": "*\/*",
    "Origin": "http:\/\/localhost",
    "Sec-Fetch-Site": "same-origin",
    "Sec-Fetch-Mode": "cors",
    "Sec-Fetch-Dest": "empty",
    "Referer": "http:\/\/localhost\/Web-DatPhong-main\/frontend\/booking.html",
    "Accept-Encoding": "gzip, deflate, br, zstd",
    "Accept-Language": "en-US,en;q=0.9",
    "Cookie": "PHPSESSID=fiv8fd6ochqr8iqh7luvas3v0a"
}
Input: {"room_id":4,"check_in":"2025-12-22","check_out":"2025-12-23","num_guests":2,"total_price":2750000,"special_requests":"","payment_method":"cash","customer_name":"Lý Thị Hoa","customer_email":"hoa@gmail.com","customer_phone":"0708984558"}
Database connection established
=== CREATE BOOKING CALLED ===
Auth header received: Bearer eyJpZCI6OCwidXNlcm5hbWUiOiJob2FAZ21haWwuY29...
User authenticated: Lý Thị Hoa
Raw input: {"room_id":4,"check_in":"2025-12-22","check_out":"2025-12-23","num_guests":2,"total_price":2750000,"special_requests":"","payment_method":"cash","customer_name":"Lý Thị Hoa","customer_email":"hoa@gmail.com","customer_phone":"0708984558"}
Parsed data: Array
(
    [room_id] => 4
    [check_in] => 2025-12-22
    [check_out] => 2025-12-23
    [num_guests] => 2
    [total_price] => 2750000
    [special_requests] => 
    [payment_method] => cash
    [customer_name] => Lý Thị Hoa
    [customer_email] => hoa@gmail.com
    [customer_phone] => 0708984558
)

Room data: Array
(
    [id] => 4
    [room_number] => 301
    [room_type_id] => 3
    [floor] => 3
    [view_type] => sea
    [status] => occupied
    [image_url] => image/anh50.jpg
    [created_at] => 2025-12-09 00:46:42
    [capacity] => 4
    [description] => Phòng gia đình rộng rãi, phù hợp 4 người
    [amenities] => Array
        (
            [0] => WiFi
            [1] => TV
            [2] => Minibar
            [3] => Kitchenette
            [4] => Sofa
        )

    [room_type] => Family Suite
    [price_per_night] => 250.00
)


=== 2025-12-21 14:40:44 =================================
Method: POST
URI: /Web-DatPhong-main/backend/api/controllers/BookingController.php?action=create
GET: Array
(
    [action] => create
)

Headers: {
    "Host": "localhost",
    "Connection": "keep-alive",
    "Content-Length": "240",
    "sec-ch-ua-platform": "\"Windows\"",
    "Authorization": "Bearer eyJpZCI6OCwidXNlcm5hbWUiOiJob2FAZ21haWwuY29tIiwiZW1haWwiOiJob2FAZ21haWwuY29tIiwiZnVsbF9uYW1lIjoiTMO9IFRo4buLIEhvYSIsInBob25lIjoiMDcwODk4NDU1OCIsInVzZXJfdHlwZSI6ImN1c3RvbWVyIiwic3RhdHVzIjoiYWN0aXZlIiwiaXNMb2dnZWRJbiI6dHJ1ZSwic2Vzc2lvbl9pZCI6InVwMzc5ZmJtbGRucmVoNTNsOWRtZmJjbHIwIn0=",
    "User-Agent": "Mozilla\/5.0 (Windows NT 10.0; Win64; x64) AppleWebKit\/537.36 (KHTML, like Gecko) Chrome\/143.0.0.0 Safari\/537.36 Edg\/143.0.0.0",
    "sec-ch-ua": "\"Microsoft Edge\";v=\"143\", \"Chromium\";v=\"143\", \"Not A(Brand\";v=\"24\"",
    "Content-Type": "application\/json",
    "sec-ch-ua-mobile": "?0",
    "Accept": "*\/*",
    "Origin": "http:\/\/localhost",
    "Sec-Fetch-Site": "same-origin",
    "Sec-Fetch-Mode": "cors",
    "Sec-Fetch-Dest": "empty",
    "Referer": "http:\/\/localhost\/Web-DatPhong-main\/frontend\/booking.html",
    "Accept-Encoding": "gzip, deflate, br, zstd",
    "Accept-Language": "en-US,en;q=0.9",
    "Cookie": "PHPSESSID=fiv8fd6ochqr8iqh7luvas3v0a"
}
Input: {"room_id":6,"check_in":"2025-12-22","check_out":"2025-12-23","num_guests":2,"total_price":1100000,"special_requests":"","payment_method":"cash","customer_name":"Lý Thị Hoa","customer_email":"hoa@gmail.com","customer_phone":"0708984558"}
Database connection established
=== CREATE BOOKING CALLED ===
Auth header received: Bearer eyJpZCI6OCwidXNlcm5hbWUiOiJob2FAZ21haWwuY29...
User authenticated: Lý Thị Hoa
Raw input: {"room_id":6,"check_in":"2025-12-22","check_out":"2025-12-23","num_guests":2,"total_price":1100000,"special_requests":"","payment_method":"cash","customer_name":"Lý Thị Hoa","customer_email":"hoa@gmail.com","customer_phone":"0708984558"}
Parsed data: Array
(
    [room_id] => 6
    [check_in] => 2025-12-22
    [check_out] => 2025-12-23
    [num_guests] => 2
    [total_price] => 1100000
    [special_requests] => 
    [payment_method] => cash
    [customer_name] => Lý Thị Hoa
    [customer_email] => hoa@gmail.com
    [customer_phone] => 0708984558
)

Room data: 

=== 2025-12-21 14:40:54 =================================
Method: POST
URI: /Web-DatPhong-main/backend/api/controllers/BookingController.php?action=create
GET: Array
(
    [action] => create
)

Headers: {
    "Host": "localhost",
    "Connection": "keep-alive",
    "Content-Length": "240",
    "sec-ch-ua-platform": "\"Windows\"",
    "Authorization": "Bearer eyJpZCI6OCwidXNlcm5hbWUiOiJob2FAZ21haWwuY29tIiwiZW1haWwiOiJob2FAZ21haWwuY29tIiwiZnVsbF9uYW1lIjoiTMO9IFRo4buLIEhvYSIsInBob25lIjoiMDcwODk4NDU1OCIsInVzZXJfdHlwZSI6ImN1c3RvbWVyIiwic3RhdHVzIjoiYWN0aXZlIiwiaXNMb2dnZWRJbiI6dHJ1ZSwic2Vzc2lvbl9pZCI6InVwMzc5ZmJtbGRucmVoNTNsOWRtZmJjbHIwIn0=",
    "User-Agent": "Mozilla\/5.0 (Windows NT 10.0; Win64; x64) AppleWebKit\/537.36 (KHTML, like Gecko) Chrome\/143.0.0.0 Safari\/537.36 Edg\/143.0.0.0",
    "sec-ch-ua": "\"Microsoft Edge\";v=\"143\", \"Chromium\";v=\"143\", \"Not A(Brand\";v=\"24\"",
    "Content-Type": "application\/json",
    "sec-ch-ua-mobile": "?0",
    "Accept": "*\/*",
    "Origin": "http:\/\/localhost",
    "Sec-Fetch-Site": "same-origin",
    "Sec-Fetch-Mode": "cors",
    "Sec-Fetch-Dest": "empty",
    "Referer": "http:\/\/localhost\/Web-DatPhong-main\/frontend\/booking.html",
    "Accept-Encoding": "gzip, deflate, br, zstd",
    "Accept-Language": "en-US,en;q=0.9",
    "Cookie": "PHPSESSID=fiv8fd6ochqr8iqh7luvas3v0a"
}
Input: {"room_id":3,"check_in":"2025-12-22","check_out":"2025-12-23","num_guests":2,"total_price":3850000,"special_requests":"","payment_method":"cash","customer_name":"Lý Thị Hoa","customer_email":"hoa@gmail.com","customer_phone":"0708984558"}
Database connection established
=== CREATE BOOKING CALLED ===
Auth header received: Bearer eyJpZCI6OCwidXNlcm5hbWUiOiJob2FAZ21haWwuY29...
User authenticated: Lý Thị Hoa
Raw input: {"room_id":3,"check_in":"2025-12-22","check_out":"2025-12-23","num_guests":2,"total_price":3850000,"special_requests":"","payment_method":"cash","customer_name":"Lý Thị Hoa","customer_email":"hoa@gmail.com","customer_phone":"0708984558"}
Parsed data: Array
(
    [room_id] => 3
    [check_in] => 2025-12-22
    [check_out] => 2025-12-23
    [num_guests] => 2
    [total_price] => 3850000
    [special_requests] => 
    [payment_method] => cash
    [customer_name] => Lý Thị Hoa
    [customer_email] => hoa@gmail.com
    [customer_phone] => 0708984558
)

Room data: Array
(
    [id] => 3
    [room_number] => 201
    [room_type_id] => 2
    [floor] => 2
    [view_type] => city
    [status] => available
    [image_url] => image/anh49.jpg
    [created_at] => 2025-12-09 00:46:42
    [capacity] => 2
    [description] => Phòng tiêu chuẩn chất lượng cao
    [amenities] => Array
        (
            [0] => WiFi
            [1] => TV
            [2] => Air Conditioning
        )

    [room_type] => Superior Room
    [price_per_night] => 120.00
)

Attempting to create booking with data: Array
(
    [room_id] => 3
    [check_in] => 2025-12-22
    [check_out] => 2025-12-23
    [num_guests] => 2
    [total_price] => 3850000
    [special_requests] => 
    [payment_method] => cash
    [customer_name] => Lý Thị Hoa
    [customer_email] => hoa@gmail.com
    [customer_phone] => 0708984558
    [customer_id] => 8
    [status] => pending
    [payment_status] => pending
    [booking_code] => BK202512211440544105
)

Booking created successfully. Booking ID: 10
2025-12-21 14:40:54 - Room::updateStatus() called: Room 3 -> occupied, Result: success
Room status update result: success

=== 2025-12-21 14:42:40 =================================
Method: POST
URI: /Web-DatPhong-main/backend/api/controllers/BookingController.php?action=create
GET: Array
(
    [action] => create
)

Headers: {
    "Host": "localhost",
    "Connection": "keep-alive",
    "Content-Length": "240",
    "sec-ch-ua-platform": "\"Windows\"",
    "Authorization": "Bearer eyJpZCI6OCwidXNlcm5hbWUiOiJob2FAZ21haWwuY29tIiwiZW1haWwiOiJob2FAZ21haWwuY29tIiwiZnVsbF9uYW1lIjoiTMO9IFRo4buLIEhvYSIsInBob25lIjoiMDcwODk4NDU1OCIsInVzZXJfdHlwZSI6ImN1c3RvbWVyIiwic3RhdHVzIjoiYWN0aXZlIiwiaXNMb2dnZWRJbiI6dHJ1ZSwic2Vzc2lvbl9pZCI6ImZpdjhmZDZvY2hxcjhpcWg3bHV2YXMzdjBhIn0=",
    "User-Agent": "Mozilla\/5.0 (Windows NT 10.0; Win64; x64) AppleWebKit\/537.36 (KHTML, like Gecko) Chrome\/143.0.0.0 Safari\/537.36 Edg\/143.0.0.0",
    "sec-ch-ua": "\"Microsoft Edge\";v=\"143\", \"Chromium\";v=\"143\", \"Not A(Brand\";v=\"24\"",
    "Content-Type": "application\/json",
    "sec-ch-ua-mobile": "?0",
    "Accept": "*\/*",
    "Origin": "http:\/\/localhost",
    "Sec-Fetch-Site": "same-origin",
    "Sec-Fetch-Mode": "cors",
    "Sec-Fetch-Dest": "empty",
    "Referer": "http:\/\/localhost\/Web-DatPhong-main\/frontend\/booking.html",
    "Accept-Encoding": "gzip, deflate, br, zstd",
    "Accept-Language": "en-US,en;q=0.9",
    "Cookie": "PHPSESSID=fiv8fd6ochqr8iqh7luvas3v0a"
}
Input: {"room_id":2,"check_in":"2025-12-22","check_out":"2025-12-23","num_guests":2,"total_price":1980000,"special_requests":"","payment_method":"cash","customer_name":"Lý Thị Hoa","customer_email":"hoa@gmail.com","customer_phone":"0708984558"}
Database connection established
=== CREATE BOOKING CALLED ===
Auth header received: Bearer eyJpZCI6OCwidXNlcm5hbWUiOiJob2FAZ21haWwuY29...
User authenticated: Lý Thị Hoa
Raw input: {"room_id":2,"check_in":"2025-12-22","check_out":"2025-12-23","num_guests":2,"total_price":1980000,"special_requests":"","payment_method":"cash","customer_name":"Lý Thị Hoa","customer_email":"hoa@gmail.com","customer_phone":"0708984558"}
Parsed data: Array
(
    [room_id] => 2
    [check_in] => 2025-12-22
    [check_out] => 2025-12-23
    [num_guests] => 2
    [total_price] => 1980000
    [special_requests] => 
    [payment_method] => cash
    [customer_name] => Lý Thị Hoa
    [customer_email] => hoa@gmail.com
    [customer_phone] => 0708984558
)

Room data: Array
(
    [id] => 2
    [room_number] => 102
    [room_type_id] => 1
    [floor] => 1
    [view_type] => garden
    [status] => occupied
    [image_url] => image/anh51.jpg
    [created_at] => 2025-12-09 00:46:42
    [capacity] => 2
    [description] => Phòng sang trọng với view thành phố, trang bị đầy đủ tiện nghi
    [amenities] => Array
        (
            [0] => WiFi
            [1] => TV
            [2] => Minibar
            [3] => Air Conditioning
            [4] => Safe
        )

    [room_type] => Deluxe Room
    [price_per_night] => 150.00
)


=== 2025-12-21 14:42:50 =================================
Method: POST
URI: /Web-DatPhong-main/backend/api/controllers/BookingController.php?action=create
GET: Array
(
    [action] => create
)

Headers: {
    "Host": "localhost",
    "Connection": "keep-alive",
    "Content-Length": "240",
    "sec-ch-ua-platform": "\"Windows\"",
    "Authorization": "Bearer eyJpZCI6OCwidXNlcm5hbWUiOiJob2FAZ21haWwuY29tIiwiZW1haWwiOiJob2FAZ21haWwuY29tIiwiZnVsbF9uYW1lIjoiTMO9IFRo4buLIEhvYSIsInBob25lIjoiMDcwODk4NDU1OCIsInVzZXJfdHlwZSI6ImN1c3RvbWVyIiwic3RhdHVzIjoiYWN0aXZlIiwiaXNMb2dnZWRJbiI6dHJ1ZSwic2Vzc2lvbl9pZCI6ImZpdjhmZDZvY2hxcjhpcWg3bHV2YXMzdjBhIn0=",
    "User-Agent": "Mozilla\/5.0 (Windows NT 10.0; Win64; x64) AppleWebKit\/537.36 (KHTML, like Gecko) Chrome\/143.0.0.0 Safari\/537.36 Edg\/143.0.0.0",
    "sec-ch-ua": "\"Microsoft Edge\";v=\"143\", \"Chromium\";v=\"143\", \"Not A(Brand\";v=\"24\"",
    "Content-Type": "application\/json",
    "sec-ch-ua-mobile": "?0",
    "Accept": "*\/*",
    "Origin": "http:\/\/localhost",
    "Sec-Fetch-Site": "same-origin",
    "Sec-Fetch-Mode": "cors",
    "Sec-Fetch-Dest": "empty",
    "Referer": "http:\/\/localhost\/Web-DatPhong-main\/frontend\/booking.html",
    "Accept-Encoding": "gzip, deflate, br, zstd",
    "Accept-Language": "en-US,en;q=0.9",
    "Cookie": "PHPSESSID=fiv8fd6ochqr8iqh7luvas3v0a"
}
Input: {"room_id":5,"check_in":"2025-12-22","check_out":"2025-12-23","num_guests":2,"total_price":2200000,"special_requests":"","payment_method":"cash","customer_name":"Lý Thị Hoa","customer_email":"hoa@gmail.com","customer_phone":"0708984558"}
Database connection established
=== CREATE BOOKING CALLED ===
Auth header received: Bearer eyJpZCI6OCwidXNlcm5hbWUiOiJob2FAZ21haWwuY29...
User authenticated: Lý Thị Hoa
Raw input: {"room_id":5,"check_in":"2025-12-22","check_out":"2025-12-23","num_guests":2,"total_price":2200000,"special_requests":"","payment_method":"cash","customer_name":"Lý Thị Hoa","customer_email":"hoa@gmail.com","customer_phone":"0708984558"}
Parsed data: Array
(
    [room_id] => 5
    [check_in] => 2025-12-22
    [check_out] => 2025-12-23
    [num_guests] => 2
    [total_price] => 2200000
    [special_requests] => 
    [payment_method] => cash
    [customer_name] => Lý Thị Hoa
    [customer_email] => hoa@gmail.com
    [customer_phone] => 0708984558
)

Room data: Array
(
    [id] => 5
    [room_number] => 401
    [room_type_id] => 4
    [floor] => 4
    [view_type] => sea
    [status] => cleaning
    [image_url] => image/anh50.jpg
    [created_at] => 2025-12-09 00:46:42
    [capacity] => 2
    [description] => Phòng hạng sang với không gian riêng biệt
    [amenities] => Array
        (
            [0] => WiFi
            [1] => Smart TV
            [2] => Minibar
            [3] => Jacuzzi
            [4] => Balcony
        )

    [room_type] => Executive Suite
    [price_per_night] => 350.00
)


=== 2025-12-21 14:43:03 =================================
Method: POST
URI: /Web-DatPhong-main/backend/api/controllers/BookingController.php?action=create
GET: Array
(
    [action] => create
)

Headers: {
    "Host": "localhost",
    "Connection": "keep-alive",
    "Content-Length": "240",
    "sec-ch-ua-platform": "\"Windows\"",
    "Authorization": "Bearer eyJpZCI6OCwidXNlcm5hbWUiOiJob2FAZ21haWwuY29tIiwiZW1haWwiOiJob2FAZ21haWwuY29tIiwiZnVsbF9uYW1lIjoiTMO9IFRo4buLIEhvYSIsInBob25lIjoiMDcwODk4NDU1OCIsInVzZXJfdHlwZSI6ImN1c3RvbWVyIiwic3RhdHVzIjoiYWN0aXZlIiwiaXNMb2dnZWRJbiI6dHJ1ZSwic2Vzc2lvbl9pZCI6ImZpdjhmZDZvY2hxcjhpcWg3bHV2YXMzdjBhIn0=",
    "User-Agent": "Mozilla\/5.0 (Windows NT 10.0; Win64; x64) AppleWebKit\/537.36 (KHTML, like Gecko) Chrome\/143.0.0.0 Safari\/537.36 Edg\/143.0.0.0",
    "sec-ch-ua": "\"Microsoft Edge\";v=\"143\", \"Chromium\";v=\"143\", \"Not A(Brand\";v=\"24\"",
    "Content-Type": "application\/json",
    "sec-ch-ua-mobile": "?0",
    "Accept": "*\/*",
    "Origin": "http:\/\/localhost",
    "Sec-Fetch-Site": "same-origin",
    "Sec-Fetch-Mode": "cors",
    "Sec-Fetch-Dest": "empty",
    "Referer": "http:\/\/localhost\/Web-DatPhong-main\/frontend\/booking.html",
    "Accept-Encoding": "gzip, deflate, br, zstd",
    "Accept-Language": "en-US,en;q=0.9",
    "Cookie": "PHPSESSID=fiv8fd6ochqr8iqh7luvas3v0a"
}
Input: {"room_id":3,"check_in":"2025-12-22","check_out":"2025-12-23","num_guests":2,"total_price":3850000,"special_requests":"","payment_method":"cash","customer_name":"Lý Thị Hoa","customer_email":"hoa@gmail.com","customer_phone":"0708984558"}
Database connection established
=== CREATE BOOKING CALLED ===
Auth header received: Bearer eyJpZCI6OCwidXNlcm5hbWUiOiJob2FAZ21haWwuY29...
User authenticated: Lý Thị Hoa
Raw input: {"room_id":3,"check_in":"2025-12-22","check_out":"2025-12-23","num_guests":2,"total_price":3850000,"special_requests":"","payment_method":"cash","customer_name":"Lý Thị Hoa","customer_email":"hoa@gmail.com","customer_phone":"0708984558"}
Parsed data: Array
(
    [room_id] => 3
    [check_in] => 2025-12-22
    [check_out] => 2025-12-23
    [num_guests] => 2
    [total_price] => 3850000
    [special_requests] => 
    [payment_method] => cash
    [customer_name] => Lý Thị Hoa
    [customer_email] => hoa@gmail.com
    [customer_phone] => 0708984558
)

Room data: Array
(
    [id] => 3
    [room_number] => 201
    [room_type_id] => 2
    [floor] => 2
    [view_type] => city
    [status] => occupied
    [image_url] => image/anh49.jpg
    [created_at] => 2025-12-09 00:46:42
    [capacity] => 2
    [description] => Phòng tiêu chuẩn chất lượng cao
    [amenities] => Array
        (
            [0] => WiFi
            [1] => TV
            [2] => Air Conditioning
        )

    [room_type] => Superior Room
    [price_per_night] => 120.00
)


=== 2025-12-21 14:44:59 =================================
Method: GET
URI: /Web-DatPhong-main/backend/api/controllers/BookingController.php?action=getAll
GET: Array
(
    [action] => getAll
)

Headers: {
    "Host": "localhost",
    "Connection": "keep-alive",
    "sec-ch-ua-platform": "\"Windows\"",
    "User-Agent": "Mozilla\/5.0 (Windows NT 10.0; Win64; x64) AppleWebKit\/537.36 (KHTML, like Gecko) Chrome\/143.0.0.0 Safari\/537.36 Edg\/143.0.0.0",
    "Accept": "application\/json",
    "sec-ch-ua": "\"Microsoft Edge\";v=\"143\", \"Chromium\";v=\"143\", \"Not A(Brand\";v=\"24\"",
    "sec-ch-ua-mobile": "?0",
    "Sec-Fetch-Site": "same-origin",
    "Sec-Fetch-Mode": "cors",
    "Sec-Fetch-Dest": "empty",
    "Referer": "http:\/\/localhost\/Web-DatPhong-main\/frontend\/admin\/index.html",
    "Accept-Encoding": "gzip, deflate, br, zstd",
    "Accept-Language": "en-US,en;q=0.9",
    "Cookie": "PHPSESSID=fiv8fd6ochqr8iqh7luvas3v0a"
}
Input: 
Database connection established
=== GET ALL BOOKINGS (ADMIN) CALLED ===
Auth header received: ...
Auth failed: No Bearer token

=== 2025-12-21 15:05:18 =================================
Method: GET
URI: /Web-DatPhong-main/backend/api/controllers/BookingController.php?action=getAll
GET: Array
(
    [action] => getAll
)

Headers: {
    "Host": "localhost",
    "Connection": "keep-alive",
    "Cache-Control": "max-age=0",
    "sec-ch-ua": "\"Microsoft Edge\";v=\"143\", \"Chromium\";v=\"143\", \"Not A(Brand\";v=\"24\"",
    "sec-ch-ua-mobile": "?0",
    "sec-ch-ua-platform": "\"Windows\"",
    "Upgrade-Insecure-Requests": "1",
    "User-Agent": "Mozilla\/5.0 (Windows NT 10.0; Win64; x64) AppleWebKit\/537.36 (KHTML, like Gecko) Chrome\/143.0.0.0 Safari\/537.36 Edg\/143.0.0.0",
    "Accept": "text\/html,application\/xhtml+xml,application\/xml;q=0.9,image\/avif,image\/webp,image\/apng,*\/*;q=0.8,application\/signed-exchange;v=b3;q=0.7",
    "Sec-Fetch-Site": "none",
    "Sec-Fetch-Mode": "navigate",
    "Sec-Fetch-User": "?1",
    "Sec-Fetch-Dest": "document",
    "Accept-Encoding": "gzip, deflate, br, zstd",
    "Accept-Language": "en-US,en;q=0.9",
    "Cookie": "PHPSESSID=fiv8fd6ochqr8iqh7luvas3v0a"
}
Input: 
Database connection established
=== GET ALL BOOKINGS (ADMIN) CALLED ===
Auth header received: ...
Auth failed: No Bearer token

=== 2025-12-21 15:49:59 =================================
Method: GET
URI: /Web-DatPhong-main/backend/api/controllers/BookingController.php?action=getAll
GET: Array
(
    [action] => getAll
)

Headers: {
    "Host": "localhost",
    "Connection": "keep-alive",
    "sec-ch-ua-platform": "\"Windows\"",
    "User-Agent": "Mozilla\/5.0 (Windows NT 10.0; Win64; x64) AppleWebKit\/537.36 (KHTML, like Gecko) Chrome\/143.0.0.0 Safari\/537.36 Edg\/143.0.0.0",
    "Accept": "application\/json",
    "sec-ch-ua": "\"Microsoft Edge\";v=\"143\", \"Chromium\";v=\"143\", \"Not A(Brand\";v=\"24\"",
    "sec-ch-ua-mobile": "?0",
    "Sec-Fetch-Site": "same-origin",
    "Sec-Fetch-Mode": "cors",
    "Sec-Fetch-Dest": "empty",
    "Referer": "http:\/\/localhost\/Web-DatPhong-main\/frontend\/admin\/index.html",
    "Accept-Encoding": "gzip, deflate, br, zstd",
    "Accept-Language": "en-US,en;q=0.9",
    "Cookie": "PHPSESSID=fiv8fd6ochqr8iqh7luvas3v0a"
}
Input: 
Database connection established
=== GET ALL BOOKINGS (ADMIN) CALLED ===
Auth header received: ...
Auth failed: No Bearer token

=== 2025-12-23 13:30:35 =================================
Method: GET
URI: /Web-DatPhong-main/backend/api/controllers/BookingController.php?action=getAll
GET: Array
(
    [action] => getAll
)

Headers: {
    "Host": "localhost",
    "Connection": "keep-alive",
    "sec-ch-ua-platform": "\"Windows\"",
    "User-Agent": "Mozilla\/5.0 (Windows NT 10.0; Win64; x64) AppleWebKit\/537.36 (KHTML, like Gecko) Chrome\/143.0.0.0 Safari\/537.36 Edg\/143.0.0.0",
    "Accept": "application\/json",
    "sec-ch-ua": "\"Microsoft Edge\";v=\"143\", \"Chromium\";v=\"143\", \"Not A(Brand\";v=\"24\"",
    "sec-ch-ua-mobile": "?0",
    "Sec-Fetch-Site": "same-origin",
    "Sec-Fetch-Mode": "cors",
    "Sec-Fetch-Dest": "empty",
    "Referer": "http:\/\/localhost\/Web-DatPhong-main\/frontend\/admin\/index.html",
    "Accept-Encoding": "gzip, deflate, br, zstd",
    "Accept-Language": "en-US,en;q=0.9"
}
Input: 
Database connection established
=== GET ALL BOOKINGS (ADMIN) CALLED ===
Auth header received: ...
Auth failed: No Bearer token
